--------- beginning of main
05-06 17:38:08.195   671   849 D InetDiagMessage: Destroyed 0 sockets, proto=IPPROTO_TCP, family=AF_INET, states=14
05-06 17:38:08.195   671   849 D InetDiagMessage: Destroyed 0 sockets, proto=IPPROTO_TCP, family=AF_INET6, states=14
05-06 17:38:08.195   671   849 D InetDiagMessage: Destroyed live tcp sockets for uids={10136} in 0ms
05-06 17:38:08.195   671   849 D InetDiagMessage: Destroyed 0 sockets, proto=IPPROTO_TCP, family=AF_INET, states=14
05-06 17:38:08.195   671   849 D InetDiagMessage: Destroyed 0 sockets, proto=IPPROTO_TCP, family=AF_INET6, states=14
05-06 17:38:08.195   671   849 D InetDiagMessage: Destroyed live tcp sockets for uids={20136} in 0ms
05-06 17:38:08.196   671   849 D InetDiagMessage: Destroyed 0 sockets, proto=IPPROTO_TCP, family=AF_INET, states=14
05-06 17:38:08.196   671   849 D InetDiagMessage: Destroyed 0 sockets, proto=IPPROTO_TCP, family=AF_INET6, states=14
05-06 17:38:08.196   671   849 D InetDiagMessage: Destroyed live tcp sockets for uids={10153} in 1ms
05-06 17:38:08.196   671   849 D InetDiagMessage: Destroyed 0 sockets, proto=IPPROTO_TCP, family=AF_INET, states=14
05-06 17:38:08.197   671   849 D InetDiagMessage: Destroyed 0 sockets, proto=IPPROTO_TCP, family=AF_INET6, states=14
05-06 17:38:08.197   671   849 D InetDiagMessage: Destroyed live tcp sockets for uids={20153} in 0ms
--------- beginning of system
05-06 17:38:08.217   671   913 W ActivityTaskManager: callingPackage for (uid=2000, pid=3682) has no WPC
05-06 17:38:08.217   671   913 V GrammaticalInflectionUtils: AttributionSource: AttributionSource { uid = 10213, packageName = null, attributionTag = null, token = android.os.Binder@f2c5a12, deviceId = 0, next = null } does not have READ_SYSTEM_GRAMMATICAL_GENDER permission.
05-06 17:38:08.217   671   913 W OptProp : Cannot read opt property android.window.PROPERTY_COMPAT_ALLOW_USER_ASPECT_RATIO_OVERRIDE
05-06 17:38:08.217   671   913 W OptProp : Cannot read opt property android.window.PROPERTY_COMPAT_ALLOW_USER_ASPECT_RATIO_FULLSCREEN_OVERRIDE
05-06 17:38:08.217   671   913 W OptProp : Cannot read opt property android.window.PROPERTY_COMPAT_ALLOW_RESIZEABLE_ACTIVITY_OVERRIDES
05-06 17:38:08.217   671   913 W OptProp : Cannot read opt property android.window.PROPERTY_COMPAT_ALLOW_MIN_ASPECT_RATIO_OVERRIDE
05-06 17:38:08.219   671   913 I ActivityTaskManager: START u0 {act=android.intent.action.VIEW dat=chartkitshowcase://showcase/... flg=0x10000000 xflg=0x4 pkg=io.chartkit.showcase cmp=io.chartkit.showcase/.MainActivity} with LAUNCH_SINGLE_TASK from uid 2000 (BAL_ALLOW_PERMISSION) result code=3
05-06 17:38:08.219   941  1356 D KeyguardService: setOccluded(false)
05-06 17:38:08.219   941  1356 D KeyguardViewMediator: setOccluded(false)
05-06 17:38:08.219   941  1007 D WindowManagerShell: onActivityRestartAttempt: topActivity=ComponentInfo{io.chartkit.showcase/io.chartkit.showcase.MainActivity}, wasVisible=true
05-06 17:38:08.219  3518  3518 W unknown:BridgelessReact: ReactHost{0}.onHostPause(activity)
05-06 17:38:08.219  3518  3518 W unknown:BridgelessReact: ReactContext.onHostPause()
05-06 17:38:08.219   941   941 D KeyguardViewMediator: handleSetOccluded(false)
05-06 17:38:08.220   941   941 D KeyguardViewMediator: KeyguardViewMediator queue processing message: SET_OCCLUDED
05-06 17:38:08.220   517   805 I BpBinder: onLastStrongRef automatically unlinking death recipients: 
05-06 17:38:08.221  3518  3518 W unknown:BridgelessReact: ReactHost{0}.onHostResume(activity)
05-06 17:38:08.221  3518  3518 W unknown:BridgelessReact: ReactContext.onHostResume()
05-06 17:38:08.221   671   724 W IPCThreadState: Sending oneway calls to frozen process.
05-06 17:38:08.221   671   724 W IPCThreadState: Sending oneway calls to frozen process.
05-06 17:38:08.221   671   724 W IPCThreadState: Sending oneway calls to frozen process.
05-06 17:38:08.221   671   724 W IPCThreadState: Sending oneway calls to frozen process.
05-06 17:38:08.221   671   724 W IPCThreadState: Sending oneway calls to frozen process.
05-06 17:38:08.221   671   724 W IPCThreadState: Sending oneway calls to frozen process.
05-06 17:38:08.221   671   724 W IPCThreadState: Sending oneway calls to frozen process.
05-06 17:38:08.221   671   724 W IPCThreadState: Sending oneway calls to frozen process.
05-06 17:38:08.221   671   724 W IPCThreadState: Sending oneway calls to frozen process.
05-06 17:38:08.221   671   724 W IPCThreadState: Sending oneway calls to frozen process.
05-06 17:38:08.221   671   724 W IPCThreadState: Sending oneway calls to frozen process.
05-06 17:38:08.221   671   724 W IPCThreadState: Sending oneway calls to frozen process.
05-06 17:38:08.221   671   724 W IPCThreadState: Sending oneway calls to frozen process.
05-06 17:38:08.221   671   724 W IPCThreadState: Sending oneway calls to frozen process.
05-06 17:38:08.221   671   724 W IPCThreadState: Sending oneway calls to frozen process.
05-06 17:38:08.221   671   724 W IPCThreadState: Sending oneway calls to frozen process.
05-06 17:38:08.221   671   724 W IPCThreadState: Sending oneway calls to frozen process.
05-06 17:38:08.221   671   724 W IPCThreadState: Sending oneway calls to frozen process.
05-06 17:38:08.221   671   724 W IPCThreadState: Sending oneway calls to frozen process.
05-06 17:38:08.221   671   724 W IPCThreadState: Sending oneway calls to frozen process.
05-06 17:38:08.221   671   724 W IPCThreadState: Sending oneway calls to frozen process.
05-06 17:38:08.221   671   724 W IPCThreadState: Sending oneway calls to frozen process.
05-06 17:38:08.221   671   724 W IPCThreadState: Sending oneway calls to frozen process.
05-06 17:38:08.221   671   724 W IPCThreadState: Sending oneway calls to frozen process.
05-06 17:38:08.221   671   724 W IPCThreadState: Sending oneway calls to frozen process.
05-06 17:38:08.221   671   724 W IPCThreadState: Sending oneway calls to frozen process.
05-06 17:38:08.221   671   724 W IPCThreadState: Sending oneway calls to frozen process.
05-06 17:38:08.221   671   724 W IPCThreadState: Sending oneway calls to frozen process.
05-06 17:38:08.221   671   724 W IPCThreadState: Sending oneway calls to frozen process.
05-06 17:38:08.221   671   724 W IPCThreadState: Sending oneway calls to frozen process.
05-06 17:38:08.221   671   724 W IPCThreadState: Sending oneway calls to frozen process.
05-06 17:38:08.221   671   724 W IPCThreadState: Sending oneway calls to frozen process.
05-06 17:38:08.221   671   724 W IPCThreadState: Sending oneway calls to frozen process.
05-06 17:38:08.221   671   724 W IPCThreadState: Sending oneway calls to frozen process.
05-06 17:38:08.221   671   724 W IPCThreadState: Sending oneway calls to frozen process.
05-06 17:38:08.221   671   724 W IPCThreadState: Sending oneway calls to frozen process.
05-06 17:38:08.221   671   724 W IPCThreadState: Sending oneway calls to frozen process.
05-06 17:38:08.221   671   724 W IPCThreadState: Sending oneway calls to frozen process.
05-06 17:38:08.669   671   782 D ActivityManager: sync unfroze 1364 com.google.android.dialer for 6
05-06 17:38:08.673   671   782 W JobServiceContext: Sending onNetworkChanged for a job that isn't started. JobStatus{ff403ed androidx.work.systemjobscheduler:u0a140/87 @androidx.work.systemjobscheduler@com.google.android.dialer/androidx.work.impl.background.systemjob.SystemJobService u=0 s=10140 TIME=-19s482ms:none NET READY}
05-06 17:38:08.673  1364  2055 D WM-DelayedWorkTracker: Scheduling work e2d5e298-aa66-4a49-b9f0-d1763918b85c
05-06 17:38:08.674  1364  2055 D WM-GreedyScheduler: Starting tracking for e2d5e298-aa66-4a49-b9f0-d1763918b85c
05-06 17:38:08.677  1364  1364 D WM-SystemJobService: onStartJob for WorkGenerationalId(workSpecId=e2d5e298-aa66-4a49-b9f0-d1763918b85c, generation=0)
05-06 17:38:08.678  1364  1379 D WM-ConstraintTracker: fkd: initial state = NetworkState(isConnected=true, isValidated=true, isMetered=false, isNotRoaming=true)
05-06 17:38:08.679  1364  1379 D WM-NetworkStateTracker: Registering network callback
05-06 17:38:08.679   671   913 D ConnectivityService: requestNetwork for uid/pid:10140/1364 activeRequest: null callbackRequest: 139 [NetworkRequest [ REQUEST id=140, [ Capabilities: INTERNET&NOT_RESTRICTED&TRUSTED&NOT_VCN_MANAGED&NOT_BANDWIDTH_CONSTRAINED Uid: 10140 RequestorUid: 10140 RequestorPkg: com.google.android.dialer UnderlyingNetworks: Null] ]] callback flags: 0 order: 2147483647 isUidTracked: false declaredMethods: AVAIL|LOST|NC
05-06 17:38:08.681   671   843 D WifiNetworkFactory: got request NetworkRequest [ REQUEST id=140, [ Capabilities: INTERNET&NOT_RESTRICTED&TRUSTED&NOT_VCN_MANAGED&NOT_BANDWIDTH_CONSTRAINED Uid: 10140 RequestorUid: 10140 RequestorPkg: com.google.android.dialer UnderlyingNetworks: Null] ]
05-06 17:38:08.681   671   843 V WifiNetworkFactory: Accepted network request NetworkRequest [ REQUEST id=140, [ Capabilities: INTERNET&NOT_RESTRICTED&TRUSTED&NOT_VCN_MANAGED&NOT_BANDWIDTH_CONSTRAINED Uid: 10140 RequestorUid: 10140 RequestorPkg: com.google.android.dialer UnderlyingNetworks: Null] ]
05-06 17:38:08.681   671   843 D UntrustedWifiNetworkFactory: got request NetworkRequest [ REQUEST id=140, [ Capabilities: INTERNET&NOT_RESTRICTED&TRUSTED&NOT_VCN_MANAGED&NOT_BANDWIDTH_CONSTRAINED Uid: 10140 RequestorUid: 10140 RequestorPkg: com.google.android.dialer UnderlyingNetworks: Null] ]
05-06 17:38:08.681   671   843 D OemPaidWifiNetworkFactory: got request NetworkRequest [ REQUEST id=140, [ Capabilities: INTERNET&NOT_RESTRICTED&TRUSTED&NOT_VCN_MANAGED&NOT_BANDWIDTH_CONSTRAINED Uid: 10140 RequestorUid: 10140 RequestorPkg: com.google.android.dialer UnderlyingNetworks: Null] ]
05-06 17:38:08.681   671   849 D ConnectivityService: NetReassign [140 : null → 101] [c 0] [a 0] [i 1]
05-06 17:38:08.681   671   843 D MultiInternetWifiNetworkFactory: got request NetworkRequest [ REQUEST id=140, [ Capabilities: INTERNET&NOT_RESTRICTED&TRUSTED&NOT_VCN_MANAGED&NOT_BANDWIDTH_CONSTRAINED Uid: 10140 RequestorUid: 10140 RequestorPkg: com.google.android.dialer UnderlyingNetworks: Null] ]
05-06 17:38:08.682  1364  2534 D WM-NetworkStateTracker: Network capabilities changed: [ Transports: WIFI Capabilities: NOT_METERED&INTERNET&NOT_RESTRICTED&TRUSTED&NOT_VPN&VALIDATED&NOT_ROAMING&FOREGROUND&NOT_CONGESTED&NOT_SUSPENDED&NOT_VCN_MANAGED&NOT_BANDWIDTH_CONSTRAINED LinkUpBandwidth>=12000Kbps LinkDnBandwidth>=30000Kbps TransportInfo: <SSID: <unknown ssid>, BSSID: 02:00:00:00:00:00, MAC: 02:00:00:00:00:00, IP: /10.0.2.16, Security type: 0, Supplicant state: COMPLETED, Wi-Fi standard: legacy, RSSI: -50, Link speed: 1Mbps, Tx Link speed: 1Mbps, Max Supported Tx Link speed: 11Mbps, Rx Link speed: 2Mbps, Max Supported Rx Link speed: 11Mbps, Frequency: 2447MHz, Net ID: -1, Metered hint: false, score: 60, isUsable: true, CarrierMerged: false, SubscriptionId: -1, IsPrimary: -1, Trusted: true, Restricted: false, Ephemeral: false, OEM paid: false, OEM private: false, OSU AP: false, FQDN: <none>, Provider friendly name: <none>, Requesting package name: <none><none>MLO Information: , Is TID-To-Link negotiation supported by the AP: false, AP MLD Address: <none>, AP MLO Link Id: <none>, AP MLO Affiliated links: <none>, Vendor Data: <none>> SignalStrength: -50 UnderlyingNetworks: Null]
05-06 17:38:08.682  1364  1379 D WM-Processor: fgy: processing WorkGenerationalId(workSpecId=e2d5e298-aa66-4a49-b9f0-d1763918b85c, generation=0)
05-06 17:38:08.690   454   531 I netd    : tetherGetStats() -> {[]} <0.79ms>
05-06 17:38:08.690  1364  1364 D WM-WorkerWrapper: Starting work for com.google.apps.tiktok.contrib.work.TikTokListenableWorker
05-06 17:38:08.691  1364  1379 D WM-GreedyScheduler: Constraints met: Scheduling work ID WorkGenerationalId(workSpecId=e2d5e298-aa66-4a49-b9f0-d1763918b85c, generation=0)
05-06 17:38:08.691  1364  1384 I DialerVvmTaskWorkerDelegate: com.android.dialer.voicemail.service.impl.scheduler.VvmTaskWorker$VvmTaskWorkerDelegate.executeVvmJob:191 Beginning execution of job ID: 2
05-06 17:38:08.691  1364  1385 I DialerSingletonScopedExternalsLogging: com.google.android.dialershared.externals.logging.SingletonScopedExternalsLogging.recordCallMethodInvocation:75 event: TIKTOK_WORK_EXECUTION_MONITOR_ON_WORK_STARTED, function parameters: [e2d5e298-aa66-4a49-b9f0-d1763918b85c,com.android.dialer.voicemail.service.impl.VvmTaskWorker], return value: <empty>
05-06 17:38:08.691  1364  1384 I DialerSingletonScopedExternalsLogging: com.google.android.dialershared.externals.logging.SingletonScopedExternalsLogging.recordCallMethodInvocation:66 event: VVM_TASK_WORKER_EXECUTE_VVM_JOB, function parameters: [2], return value: <empty> [CONTEXT enable_persistent_logger=true ]
05-06 17:38:08.691  1364  1961 D WM-Processor: Work WorkGenerationalId(workSpecId=e2d5e298-aa66-4a49-b9f0-d1763918b85c, generation=0) is already enqueued for processing
05-06 17:38:08.693  1364  1388 I DialerVvmCarrierIdentifierImpl: com.android.dialer.voicemail.service.impl.carriermapping.VvmCarrierIdentifierImpl.getVvmCarrierNameBlocking:120 Looking up carrier name for phone account handle: 1 [CONTEXT ratelimit_period="1 MINUTES" skipped=81 ]
05-06 17:38:08.693  1364  1385 I DialerRestVoicemailEnabledFn: com.android.dialer.voicemail.service.impl.vvmclients.rest.RestVoicemailEnabledFn.isEnabled:67 device is supported, enabling. [CONTEXT ratelimit_period="1 MINUTES" skipped=533 ]
05-06 17:38:08.702  1364  1384 I DialerVvmExecutorImpl: com.android.dialer.voicemail.service.impl.scheduler.VvmExecutorImpl.execute:229 Beginning VVM action: SYNC with retryCount: 0 for ComponentInfo{com.android.phone/com.android.services.telephony.TelephonyConnectionService}, 1, UserHandle{0} [CONTEXT enable_persistent_logger=true ]
05-06 17:38:08.705  1364  1385 E DialerRestVvmCarrierService: com.android.dialer.voicemail.service.impl.vvmclients.rest.RestVvmCarrierService.getMsisdn:420 Retrieved phone number in an unexpected format: +15551234567 [CONTEXT disable_client_error_logging=true ]
05-06 17:38:08.705  1364  1385 E DialerRestVvmCarrierService: zxo: MEDIUM
05-06 17:38:08.705  1364  1385 E DialerRestVvmCarrierService: 	at a.cN(PG:15)
05-06 17:38:08.705  1364  1385 E DialerRestVvmCarrierService: 	at pxq.apply(PG:489)
05-06 17:38:08.705  1364  1385 E DialerRestVvmCarrierService: 	at zcp.apply(PG:13)
05-06 17:38:08.705  1364  1385 E DialerRestVvmCarrierService: 	at aaka.d(PG:3)
05-06 17:38:08.705  1364  1385 E DialerRestVvmCarrierService: 	at aakb.run(PG:38)
05-06 17:38:08.705  1364  1385 E DialerRestVvmCarrierService: 	at umz.run(PG:7)
05-06 17:38:08.705  1364  1385 E DialerRestVvmCarrierService: 	at aadu.run(PG:44)
05-06 17:38:08.705  1364  1385 E DialerRestVvmCarrierService: 	at tdt.run(PG:78)
05-06 17:38:08.705  1364  1385 E DialerRestVvmCarrierService: 	at cp.run(PG:143)
05-06 17:38:08.705  1364  1385 E DialerRestVvmCarrierService: 	at java.lang.Thread.run(Thread.java:1119)
05-06 17:38:08.705  1364  1385 E DialerRestVvmCarrierService: 	at uoe.run(PG:61)
05-06 17:38:08.707  1364  1384 I DialerAndroidAutoStatusLookupImpl: com.android.dialer.androidautostatuslookup.impl.AndroidAutoStatusLookupImpl.isAndroidAutoConnected:97 Android Auto connected in 0 mode [CONTEXT ratelimit_period="1 MINUTES" skipped=9 ]
05-06 17:38:08.707  1364  1384 I DialerLogcatLoggingBindings: com.android.dialer.logging.logcat.LogcatLoggingBindings.logImpression:54 Impression: ANDROID_API_UNEXPECTED_PHONE_NUMBER_FORMAT
05-06 17:38:08.708  1364  1384 I DialerLogcatLoggingBindings: com.android.dialer.logging.logcat.LogcatLoggingBindings.logImpression:47 Impression: VVM_SYNC_STARTED
05-06 17:38:08.709  1364  1384 I DialerLoggingConsentCheckerImpl: com.google.android.dialershared.logging.consent.impl.LoggingConsentCheckerImpl.getConsent:72 timer stop with success, timer present: false
05-06 17:38:08.710  1364  1384 I DialerLoggingConsentCheckerImpl: com.google.android.dialershared.logging.consent.impl.LoggingConsentCheckerImpl.getConsent:72 timer stop with success, timer present: false
05-06 17:38:08.710  1364  1385 I DialerSingletonScopedExternalsLogging: com.google.android.dialershared.externals.logging.SingletonScopedExternalsLogging.recordCallMethodInvocation:75 event: TELEPHONY_BOOTSTRAP_AUTHENTICATION_REQUEST, function parameters: [], return value: Default
05-06 17:38:08.710  1364  1384 W DialerGbaCredentialProvider: com.android.dialer.voicemail.service.impl.vvmclients.rest.GbaCredentialProvider$1.onAuthenticationFailure:93 GBA failed with reason: 1 [CONTEXT disable_client_error_logging=true ]
05-06 17:38:08.711   671  1193 D ActivityManager: sync unfroze 1396 android.process.acore for 7
05-06 17:38:08.714  1396  1411 W Looper  : Slow delivery took 30863ms android.bg app=android.process.acore main=false group=BACKGROUND h=android.database.sqlite.SQLiteConnectionPool$IdleConnectionHandler c=null m=0
05-06 17:38:08.717  1364  1385 I DialerVoicemailLogger: com.android.dialer.voicemail.service.impl.logger.VoicemailLogger.commitMetrics:169 VVM failure reason: 0
05-06 17:38:08.717  1364  1385 W DialerVvmExecutorImpl: com.android.dialer.voicemail.service.impl.scheduler.VvmExecutorImpl.executeWorkOnCarrierService:444 Could not complete vvm work with action: SYNC. Error: [GeneralFailureReason: UNSPECIFIED, RestFailureReason: GBA_AUTHENTICATION_FAILURE_FEATURE_NOT_SUPPORTED, OmtpFailureReason: OMTP_UNSPECIFIED] for ComponentInfo{com.android.phone/com.android.services.telephony.TelephonyConnectionService}, 1, UserHandle{0} [CONTEXT disable_client_error_logging=true enable_persistent_logger=true ]
05-06 17:38:08.718  1364  1385 I DialerVvmExecutorImpl: com.android.dialer.voicemail.service.impl.scheduler.VvmExecutorImpl.executeWork:194 VvmResult is: # pug@1db0ddb for ComponentInfo{com.android.phone/com.android.services.telephony.TelephonyConnectionService}, 1, UserHandle{0}
05-06 17:38:08.719  1364  1384 I DialerLoggingConsentCheckerImpl: com.google.android.dialershared.logging.consent.impl.LoggingConsentCheckerImpl.getConsent:72 timer stop with success, timer present: false
05-06 17:38:08.720  1364  1384 I DialerSingletonScopedExternalsLogging: com.google.android.dialershared.externals.logging.SingletonScopedExternalsLogging.recordCallMethodInvocation:75 event: TIKTOK_WORK_EXECUTION_MONITOR_ON_WORK_FINISHED, function parameters: [e2d5e298-aa66-4a49-b9f0-d1763918b85c,com.android.dialer.voicemail.service.impl.VvmTaskWorker], return value: Retry
05-06 17:38:08.721  1364  1960 I WM-WorkerWrapper: Worker result RETRY for Work [ id=e2d5e298-aa66-4a49-b9f0-d1763918b85c, tags={ com.google.apps.tiktok.contrib.work.TikTokListenableWorker,1,SYNC,TikTokWorker#com.android.dialer.voicemail.service.impl.VvmTaskWorker } ]
05-06 17:38:08.721  1364  1385 I DialerLoggingConsentCheckerImpl: com.google.android.dialershared.logging.consent.impl.LoggingConsentCheckerImpl.getConsent:72 timer stop with success, timer present: false
05-06 17:38:08.722  1364  1364 D WM-Processor: fgy e2d5e298-aa66-4a49-b9f0-d1763918b85c executed; reschedule = true
05-06 17:38:08.722  1364  1364 D WM-GreedyScheduler: Stopping tracking for WorkGenerationalId(workSpecId=e2d5e298-aa66-4a49-b9f0-d1763918b85c, generation=0)
05-06 17:38:08.722  1364  1364 D WM-SystemJobService: e2d5e298-aa66-4a49-b9f0-d1763918b85c executed on JobScheduler
05-06 17:38:08.724  1364  1960 D WM-GreedyScheduler: Cancelling work ID e2d5e298-aa66-4a49-b9f0-d1763918b85c
05-06 17:38:08.725   671   782 D ActivityManager: sync unfroze 2985 com.google.android.settings.intelligence for 6
05-06 17:38:08.725  1364  1960 D WM-SystemJobScheduler: Scheduling work ID 6b6ab375-9c09-4f66-9bfd-9ec5e2900055Job ID 90
05-06 17:38:08.728  1364  1960 D WM-GreedyScheduler: Ignoring {WorkSpec: f5910689-10c1-4888-af85-4aae364258fb}. Requires device idle.
05-06 17:38:08.728  1364  1960 D WM-GreedyScheduler: Ignoring {WorkSpec: ad181222-3619-4101-9df5-ef8c19a11ecc}. Requires device idle.
05-06 17:38:08.728  1364  1960 D WM-GreedyScheduler: Ignoring {WorkSpec: 15662b8a-2e88-4f73-ac78-9e67b4abc350}. Requires device idle.
05-06 17:38:08.728  1364  1960 D WM-GreedyScheduler: Ignoring {WorkSpec: 2cee1497-3388-477e-a23f-652bfa4ca299}. Requires device idle.
05-06 17:38:08.728  1364  1960 D WM-GreedyScheduler: Ignoring {WorkSpec: 3812583e-7e8b-4cdc-90a9-f04fd3a6e68d}. Requires device idle.
05-06 17:38:08.728  1364  1960 D WM-GreedyScheduler: Ignoring {WorkSpec: f090f02a-733e-4162-ad19-6d029b1a5782}. Requires device idle.
05-06 17:38:08.728  1364  1960 D WM-GreedyScheduler: Ignoring {WorkSpec: fa1980f0-ddcb-4b92-9b6f-da8bfde27780}. Requires device idle.
05-06 17:38:08.728  1364  1960 D WM-NetworkStateTracker: Unregistering network callback
05-06 17:38:08.736  1147  3121 D SlicesIndexer: Slices already indexed - returning.
05-06 17:38:08.738  1147  3121 D SettingsSliceProvider: Allowlisting 10 uris to 3 pkgs.
05-06 17:38:08.742  1147  3121 D SlicesIndexer: Slices already indexed - returning.
05-06 17:38:08.742  1147  3121 D SettingsSliceProvider: Allowlisting 5 uris to 3 pkgs.
05-06 17:38:08.746   671   895 D BackgroundInstallControlService: Package event received: 0
05-06 17:38:08.751   671   895 D BackgroundInstallControlService: Package event received: 0
05-06 17:38:08.751  1147  1300 D SettingsSliceProvider: onSlicePinned: content://com.android.settings.slices/action/media_volume
05-06 17:38:08.753  1147  3121 D SettingsSliceProvider: onBindSlice start: content://com.android.settings.slices/action/media_volume
05-06 17:38:08.755  1147  3104 D SlicesIndexer: Slices already indexed - returning.
05-06 17:38:08.756  1147  3102 D SlicesIndexer: Slices already indexed - returning.
05-06 17:38:08.757   671   895 D BackgroundInstallControlService: Package event received: 0
05-06 17:38:08.758  1147  3103 D SlicesIndexer: Slices already indexed - returning.
05-06 17:38:08.758  1147  3121 V SettingsSliceProvider: onBindSlice end
05-06 17:38:08.758  1147  2268 D SlicesIndexer: Slices already indexed - returning.
05-06 17:38:08.758   671   895 D BackgroundInstallControlService: Package event received: 0
05-06 17:38:08.759  1147  3104 D VolumeSliceHelper: Registering uri for broadcast relay: content://com.android.settings.slices/action/media_volume
05-06 17:38:08.759   671   895 D BackgroundInstallControlService: Package event received: 0
05-06 17:38:08.759  1147  3102 D VolumeSliceHelper: Registering uri for broadcast relay: content://com.android.settings.slices/action/media_volume
05-06 17:38:08.759  1147  2268 D VolumeSliceHelper: Registering uri for broadcast relay: content://com.android.settings.slices/action/separate_ring_volume
05-06 17:38:08.759  1147  3103 D VolumeSliceHelper: Registering uri for broadcast relay: content://com.android.settings.slices/action/call_volume
05-06 17:38:08.759   671   895 D BackgroundInstallControlService: Package event received: 0
05-06 17:38:08.759   671   895 D BackgroundInstallControlService: Package event received: 0
05-06 17:38:08.759  1147  3104 D SliceBroadcastRelay: Registering Uri for broadcast relay: content://com.android.settings.slices/action/volume_slices
05-06 17:38:08.760   671   895 D BackgroundInstallControlService: Package event received: 0
05-06 17:38:08.760  1147  3102 D SettingsSliceProvider: Built slice (content://com.android.settings.slices/action/media_volume) in: 4
05-06 17:38:08.760  1147  3102 D SlicesIndexer: Slices already indexed - returning.
05-06 17:38:08.760   671   895 D BackgroundInstallControlService: Package event received: 0
05-06 17:38:08.760  1147  1147 D SettingsSliceProvider: Starting background worker for: content://com.android.settings.slices/action/media_volume
05-06 17:38:08.760  1147  1147 D SliceBackgroundWorker: create instance: class com.android.settings.media.MediaOutputIndicatorWorker
05-06 17:38:08.761  1147  3104 D SettingsSliceProvider: Built slice (content://com.android.settings.slices/action/media_volume) in: 6
05-06 17:38:08.761  1147  3104 D SlicesIndexer: Slices already indexed - returning.
05-06 17:38:08.761  1147  3104 D VolumeSliceHelper: Registering uri for broadcast relay: content://com.android.settings.slices/action/alarm_volume
05-06 17:38:08.761  1147  1158 D SliceBuilder: Creating slice for: com.android.settings.notification.CallVolumePreferenceController
05-06 17:38:08.761  1147  3103 D SettingsSliceProvider: Built slice (content://com.android.settings.slices/action/call_volume) in: 3
05-06 17:38:08.761  1147  3103 D SlicesIndexer: Slices already indexed - returning.
05-06 17:38:08.761  1147  3104 D SettingsSliceProvider: Built slice (content://com.android.settings.slices/action/alarm_volume) in: 0
05-06 17:38:08.761  1147  3104 D SlicesIndexer: Slices already indexed - returning.
05-06 17:38:08.761  1147  3121 D SliceBroadcastRelay: Registering Uri for broadcast relay: content://com.android.settings.slices/action/mobile_data
05-06 17:38:08.761  1147  3104 W SliceData: Highlight menu key res is empty: com.android.settings.deviceinfo.hardwareinfo.DeviceModelPreferenceController
05-06 17:38:08.761   671   899 W BroadcastLoopers: Found previously unknown looper Thread[SliceManagerService,5,main]
05-06 17:38:08.761  1147  3103 W SliceData: Highlight menu key res is empty: com.android.settings.deviceinfo.firmwareversion.FirmwareVersionDetailPreferenceController
05-06 17:38:08.761  1147  2268 D SettingsSliceProvider: Built slice (content://com.android.settings.slices/action/separate_ring_volume) in: 3
05-06 17:38:08.761  1147  3102 D VolumeSliceHelper: Registering uri for broadcast relay: content://com.android.settings.slices/action/notification_volume
05-06 17:38:08.762  1147  3102 D SettingsSliceProvider: Built slice (content://com.android.settings.slices/action/notification_volume) in: 2
05-06 17:38:08.762  1147  3104 D SettingsSliceProvider: Built slice (content://com.android.settings.slices/action/hardware_info_device_model) in: 1
05-06 17:38:08.762  1147  3103 D SettingsSliceProvider: Built slice (content://com.android.settings.slices/action/os_firmware_version) in: 1
05-06 17:38:08.764  1147  1147 D SettingsSliceProvider: Starting background worker for: content://com.android.settings.slices/action/mobile_data
05-06 17:38:08.764  1147  1147 D SliceBackgroundWorker: create instance: class com.android.settings.network.telephony.MobileDataSlice$MobileDataWorker
05-06 17:38:08.765   671   895 D BackgroundInstallControlService: Package event received: 0
05-06 17:38:08.766  1147  3102 D SlicesIndexer: Slices already indexed - returning.
05-06 17:38:08.766   671   895 D BackgroundInstallControlService: Package event received: 0
05-06 17:38:08.766  1147  3104 D SlicesIndexer: Slices already indexed - returning.
05-06 17:38:08.767   671   895 D BackgroundInstallControlService: Package event received: 0
05-06 17:38:08.767  1147  3103 D SlicesIndexer: Slices already indexed - returning.
05-06 17:38:08.767  2985  2985 D CompatChangeReporter: Compat change id reported: 279646685; UID 10135; state: ENABLED
05-06 17:38:08.767   671   895 D BackgroundInstallControlService: Package event received: 0
05-06 17:38:08.768  1147  3121 D SliceBroadcastRelay: Registering Uri for broadcast relay: content://android.settings.slices/action/bluetooth
05-06 17:38:08.768  1147  3104 D SettingsSliceProvider: Could not create slicedata for uri: content://android.settings.slices/action/airplane_mode
05-06 17:38:08.768  1147  3104 D SettingsSliceProvider: java.lang.IllegalStateException: Invalid Slices key from path: airplane_mode
05-06 17:38:08.768  1147  3104 D SettingsSliceProvider: 	at com.android.settings.slices.SlicesDatabaseAccessor.getIndexedSliceData(SlicesDatabaseAccessor.java:133)
05-06 17:38:08.768  1147  3104 D SettingsSliceProvider: 	at com.android.settings.slices.SlicesDatabaseAccessor.getSliceDataFromUri(SlicesDatabaseAccessor.java:76)
05-06 17:38:08.768  1147  3104 D SettingsSliceProvider: 	at com.android.settings.slices.SettingsSliceProvider.loadSlice(SettingsSliceProvider.java:426)
05-06 17:38:08.768  1147  3104 D SettingsSliceProvider: 	at com.android.settings.slices.SettingsSliceProvider.lambda$loadSliceInBackground$5(SettingsSliceProvider.java:457)
05-06 17:38:08.768  1147  3104 D SettingsSliceProvider: 	at com.android.settings.slices.SettingsSliceProvider.$r8$lambda$F6THPPOOlgUQrkUG5e2ThbF-zrY(SettingsSliceProvider.java:0)
05-06 17:38:08.768  1147  3104 D SettingsSliceProvider: 	at com.android.settings.slices.SettingsSliceProvider$$ExternalSyntheticLambda4.run(R8$$SyntheticClass:0)
05-06 17:38:08.768  1147  3104 D SettingsSliceProvider: 	at java.util.concurrent.Executors$RunnableAdapter.call(Executors.java:524)
05-06 17:38:08.768  1147  3104 D SettingsSliceProvider: 	at com.google.common.util.concurrent.TrustedListenableFutureTask$TrustedFutureInterruptibleTask.runInterruptibly(TrustedListenableFutureTask.java:131)
05-06 17:38:08.768  1147  3104 D SettingsSliceProvider: 	at com.google.common.util.concurrent.InterruptibleTask.run(InterruptibleTask.java:76)
05-06 17:38:08.768  1147  3104 D SettingsSliceProvider: 	at com.google.common.util.concurrent.TrustedListenableFutureTask.run(TrustedListenableFutureTask.java:82)
05-06 17:38:08.768  1147  3104 D SettingsSliceProvider: 	at java.util.concurrent.ThreadPoolExecutor.runWorker(ThreadPoolExecutor.java:1156)
05-06 17:38:08.768  1147  3104 D SettingsSliceProvider: 	at java.util.concurrent.ThreadPoolExecutor$Worker.run(ThreadPoolExecutor.java:651)
05-06 17:38:08.768  1147  3104 D SettingsSliceProvider: 	at java.lang.Thread.run(Thread.java:1119)
05-06 17:38:08.768  1147  3102 D SettingsSliceProvider: Could not create slicedata for uri: content://com.android.settings.slices/intent/wifi_calling
05-06 17:38:08.768  1147  3102 D SettingsSliceProvider: java.lang.IllegalStateException: Invalid Slices key from path: wifi_calling
05-06 17:38:08.768  1147  3102 D SettingsSliceProvider: 	at com.android.settings.slices.SlicesDatabaseAccessor.getIndexedSliceData(SlicesDatabaseAccessor.java:133)
05-06 17:38:08.768  1147  3102 D SettingsSliceProvider: 	at com.android.settings.slices.SlicesDatabaseAccessor.getSliceDataFromUri(SlicesDatabaseAccessor.java:76)
05-06 17:38:08.768  1147  3102 D SettingsSliceProvider: 	at com.android.settings.slices.SettingsSliceProvider.loadSlice(SettingsSliceProvider.java:426)
05-06 17:38:08.768  1147  3102 D SettingsSliceProvider: 	at com.android.settings.slices.SettingsSliceProvider.lambda$loadSliceInBackground$5(SettingsSliceProvider.java:457)
05-06 17:38:08.768  1147  3102 D SettingsSliceProvider: 	at com.android.settings.slices.SettingsSliceProvider.$r8$lambda$F6THPPOOlgUQrkUG5e2ThbF-zrY(SettingsSliceProvider.java:0)
05-06 17:38:08.768  1147  3102 D SettingsSliceProvider: 	at com.android.settings.slices.SettingsSliceProvider$$ExternalSyntheticLambda4.run(R8$$SyntheticClass:0)
05-06 17:38:08.768  1147  3102 D SettingsSliceProvider: 	at java.util.concurrent.Executors$RunnableAdapter.call(Executors.java:524)
05-06 17:38:08.768  1147  3102 D SettingsSliceProvider: 	at com.google.common.util.concurrent.TrustedListenableFutureTask$TrustedFutureInterruptibleTask.runInterruptibly(TrustedListenableFutureTask.java:131)
05-06 17:38:08.768  1147  3102 D SettingsSliceProvider: 	at com.google.common.util.concurrent.InterruptibleTask.run(InterruptibleTask.java:76)
05-06 17:38:08.768  1147  3102 D SettingsSliceProvider: 	at com.google.common.util.concurrent.TrustedListenableFutureTask.run(TrustedListenableFutureTask.java:82)
05-06 17:38:08.768  1147  3102 D SettingsSliceProvider: 	at java.util.concurrent.ThreadPoolExecutor.runWorker(ThreadPoolExecutor.java:1156)
05-06 17:38:08.768  1147  3102 D SettingsSliceProvider: 	at java.util.concurrent.ThreadPoolExecutor$Worker.run(ThreadPoolExecutor.java:651)
05-06 17:38:08.768  1147  3102 D SettingsSliceProvider: 	at java.lang.Thread.run(Thread.java:1119)
05-06 17:38:08.768  1147  3103 D SettingsSliceProvider: Built slice (content://android.settings.slices/action/battery_saver) in: 1
05-06 17:38:08.768   671   895 D BackgroundInstallControlService: Package event received: 0
05-06 17:38:08.768   671   895 D BackgroundInstallControlService: Package event received: 0
05-06 17:38:08.771  1147  1147 D SettingsSliceProvider: Starting background worker for: content://android.settings.slices/action/wifi
05-06 17:38:08.771  1147  1147 D SliceBackgroundWorker: create instance: class com.android.settings.wifi.slice.WifiScanWorker
05-06 17:38:08.772  1632  1632 D BoundBrokerSvc: onBind: Intent { act=com.google.android.gms.feedback.internal.IFeedbackService dat=chimera-action:/... xflg=0x4 cmp=com.google.android.gms/.chimera.GmsBoundBrokerService }
05-06 17:38:08.772  1632  1632 D BoundBrokerSvc: Loading bound service for intent: Intent { act=com.google.android.gms.feedback.internal.IFeedbackService dat=chimera-action:/... xflg=0x4 cmp=com.google.android.gms/.chimera.GmsBoundBrokerService }
05-06 17:38:08.772   671   895 D BackgroundInstallControlService: Package event received: 0
05-06 17:38:08.773  1147  1158 D SliceBuilder: Creating slice for: com.android.settings.notification.SeparateRingVolumePreferenceController
05-06 17:38:08.773  2985  2985 W HWUI    : Image decoding logging dropped!
05-06 17:38:08.775   671  1940 I WifiService: getVerboseLoggingLevel uid=1000
05-06 17:38:08.775  1147  1147 V WifiPickerTracker: onStart
05-06 17:38:08.775  1147  1158 D SliceBuilder: Creating slice for: com.android.settings.notification.NotificationVolumePreferenceController
05-06 17:38:08.775  1147  1147 D WsuServiceClient: Binding to com.google.android.apps.carrier.carrierwifi
05-06 17:38:08.775   671   701 I WifiService: addWifiStateChangedListener uid=1000
05-06 17:38:08.775  1147  1147 D WsuServiceClient: the specified wsu service is not installed.
05-06 17:38:08.775   671  1193 I WifiService: getWifiEnabledState uid=1000 state=3
05-06 17:38:08.775  1147  1158 I WifiManager: WifiStateChangedListenerProxy: onWifiStateChanged
05-06 17:38:08.776  1147  3691 I WifiPickerTracker: Scanning started
05-06 17:38:08.776  1147  3121 D VolumeSliceHelper: Unregistering uri broadcast relay: content://com.android.settings.slices/action/call_volume
05-06 17:38:08.776  1147  1158 D SliceBuilder: Creating slice for: com.android.settings.notification.AlarmVolumePreferenceController
05-06 17:38:08.777  1147  3121 D VolumeSliceHelper: Unregistering uri broadcast relay: content://com.android.settings.slices/action/separate_ring_volume
05-06 17:38:08.777  1147  3121 D VolumeSliceHelper: Unregistering uri broadcast relay: content://com.android.settings.slices/action/notification_volume
05-06 17:38:08.777  1147  3691 E WifiScanner: listener does not exist
05-06 17:38:08.777   671  1940 I WifiService: getVerboseLoggingLevel uid=1000
05-06 17:38:08.777  1147  3691 V WifiPickerTracker: Issuing scan request from WifiScanner
05-06 17:38:08.778   671   847 I WifiScanningService: Registering listener= android.net.wifi.IWifiScannerListener$Stub$Proxy@e38f853 uid=1000 packageName=com.android.settings workSource=WorkSource{1000}
05-06 17:38:08.778   671   847 I WifiScanningService: start scan: ClientInfo[uid=1000, package=com.android.settings, attributionTag=null, android.net.wifi.IWifiScannerListener$Stub$Proxy@e38f853] package com.android.settings AttributionTag null
05-06 17:38:08.778   671   847 I WifiScanningService: addSingleScanRequest: ClientInfo[uid=1000, package=com.android.settings, attributionTag=null, android.net.wifi.IWifiScannerListener$Stub$Proxy@e38f853], ScanSettings {  type:LOW LATENCY band:24Ghz & 5Ghz (no DFS) ignoreLocationSettings:false period:0 reportEvents:3 numBssidsPerScan:0 maxScansToCache:0 rnrSetting:1 6GhzPscOnlyEnabled:false channels:[  ]  } 
05-06 17:38:08.778   671   847 D WifiScanningService: replySucceeded onSuccess
05-06 17:38:08.778   671  1193 I WifiService: getVerboseLoggingLevel uid=1000
05-06 17:38:08.779  1147  3691 V WifiPickerTracker: onWifiEntriesChanged: reason=0
05-06 17:38:08.779  1147  3691 V WifiPickerTracker: No entries!
05-06 17:38:08.779  1147  3691 V WifiPickerTracker: MergedCarrierEntry: null
05-06 17:38:08.779   671  1940 I WifiService: getVerboseLoggingLevel uid=1000
05-06 17:38:08.779  1147  1158 D SliceBuilder: Creating slice for: com.android.settings.deviceinfo.firmwareversion.FirmwareVersionDetailPreferenceController
05-06 17:38:08.780   923   923 D wpa_supplicant: nl80211: Drv Event 33 (NL80211_CMD_TRIGGER_SCAN) received for wlan0
05-06 17:38:08.780   923   923 D wpa_supplicant: wlan0: nl80211: Scan trigger
05-06 17:38:08.780   923   923 D wpa_supplicant: wlan0: Event SCAN_STARTED (47) received
05-06 17:38:08.780   923   923 D wpa_supplicant: wlan0: External program started a scan
05-06 17:38:08.780   671  1193 D CompatChangeReporter: Compat change id reported: 349487600; UID 1000; state: ENABLED
05-06 17:38:08.781  1147  3121 D VolumeSliceHelper: Unregistering uri broadcast relay: content://com.android.settings.slices/action/alarm_volume
05-06 17:38:08.781   671  1940 D ConnectivityService: requestNetwork for uid/pid:1000/1147 activeRequest: null callbackRequest: 142 [NetworkRequest [ REQUEST id=143, [ Capabilities: INTERNET&NOT_RESTRICTED&TRUSTED&NOT_VCN_MANAGED&NOT_BANDWIDTH_CONSTRAINED Uid: 1000 RequestorUid: 1000 RequestorPkg: com.android.settings UnderlyingNetworks: Null] ]] callback flags: 1 order: 2147483647 isUidTracked: false declaredMethods: AVAIL|LOST|NC
05-06 17:38:08.781   671   849 D ConnectivityService: NetReassign [no changes] [c 0] [a 1] [i 0]
05-06 17:38:08.782  1147  1158 D SliceBuilder: Creating slice for: com.android.settings.deviceinfo.hardwareinfo.DeviceModelPreferenceController
05-06 17:38:08.782   671   843 D WifiNetworkFactory: got request NetworkRequest [ REQUEST id=143, [ Capabilities: INTERNET&NOT_RESTRICTED&TRUSTED&NOT_VCN_MANAGED&NOT_BANDWIDTH_CONSTRAINED Uid: 1000 RequestorUid: 1000 RequestorPkg: com.android.settings UnderlyingNetworks: Null] ]
05-06 17:38:08.782   671   843 V WifiNetworkFactory: Accepted network request NetworkRequest [ REQUEST id=143, [ Capabilities: INTERNET&NOT_RESTRICTED&TRUSTED&NOT_VCN_MANAGED&NOT_BANDWIDTH_CONSTRAINED Uid: 1000 RequestorUid: 1000 RequestorPkg: com.android.settings UnderlyingNetworks: Null] ]
05-06 17:38:08.782   671   843 D UntrustedWifiNetworkFactory: got request NetworkRequest [ REQUEST id=143, [ Capabilities: INTERNET&NOT_RESTRICTED&TRUSTED&NOT_VCN_MANAGED&NOT_BANDWIDTH_CONSTRAINED Uid: 1000 RequestorUid: 1000 RequestorPkg: com.android.settings UnderlyingNetworks: Null] ]
05-06 17:38:08.782   671   843 D OemPaidWifiNetworkFactory: got request NetworkRequest [ REQUEST id=143, [ Capabilities: INTERNET&NOT_RESTRICTED&TRUSTED&NOT_VCN_MANAGED&NOT_BANDWIDTH_CONSTRAINED Uid: 1000 RequestorUid: 1000 RequestorPkg: com.android.settings UnderlyingNetworks: Null] ]
05-06 17:38:08.782   671   849 D ConnectivityService: NetReassign [143 : null → 101] [c 0] [a 0] [i 0]
05-06 17:38:08.782   671   843 D MultiInternetWifiNetworkFactory: got request NetworkRequest [ REQUEST id=143, [ Capabilities: INTERNET&NOT_RESTRICTED&TRUSTED&NOT_VCN_MANAGED&NOT_BANDWIDTH_CONSTRAINED Uid: 1000 RequestorUid: 1000 RequestorPkg: com.android.settings UnderlyingNetworks: Null] ]
05-06 17:38:08.782   671  1193 V WifiPermissionsUtil: enforceNearbyDevicesPermission(attributionSource=AttributionSource { uid = 1000, packageName = com.android.settings, attributionTag = null, token = android.os.BinderProxy@cda26a8, deviceId = 0, next = null }, checkForLocation=false
05-06 17:38:08.782   671  1193 I WifiService: getPrivilegedConfiguredNetworks uid=1000
05-06 17:38:08.785   671  1193 I WifiService: getWifiConfigsForMatchedNetworkSuggestions uid=1000
05-06 17:38:08.785   671  1193 W ScanResultUtil: Empty or null ScanResult list
05-06 17:38:08.785   671  1193 W WifiService: Attempt to retrieve WifiConfiguration with invalid scanResult List
05-06 17:38:08.785   671  1193 I WifiService: getPasspointConfigurations uid=1000
05-06 17:38:08.785  1147  1158 D SubscriptionRepository: getSelectableSubscriptionInfoList: [[SubscriptionInfo: id=1 iccId=89860318640220133897 simSlotIndex=0 portIndex=0 isEmbedded=false carrierId=1 displayName=T-Mobile carrierName=T-Mobile isOpportunistic=false groupUuid=null groupOwner= isGroupDisabled=false displayNameSource=CARRIER iconTint=-16749196 number=+15551234567 dataRoaming=0 mcc=310 mnc=260 ehplmns=[] hplmns=[] cardString=89860318640220133897 cardId=0 nativeAccessRules=null carrierConfigAccessRules=[cert: 92B5F8117FBD9BD5738FF168A4FA12CBE284BE834EDE1A7BB44DD8455BA15920 pkg: com.tmobile.rsuapp access: 0, cert: 92B5F8117FBD9BD5738FF168A4FA12CBE284BE834EDE1A7BB44DD8455BA15920 pkg: com.tmobile.echolocate access: 0, cert: 92B5F8117FBD9BD5738FF168A4FA12CBE284BE834EDE1A7BB44DD8455BA15920 pkg: com.tmobile.services.nameid access: 0, cert: 92B5F8117FBD9BD5738FF168A4FA12CBE284BE834EDE1A7BB44DD8455BA15920 pkg: com.tmobile.pr.mytmobile access: 0, cert: 92B5F8117FBD9BD5738FF168A4FA12CBE284BE834EDE1A7BB44DD8455BA15920 pkg: com.tmobile.vvm.application access: 0, cert: 3D1A4BEF6EE7AF7D34D120E7B1AAC0DD245585DE6237CF100F68333AFACFF562 pkg: com.tmobile.rsuapp access: 0, cert: 3D1A4BEF6EE7AF7D34D120E7B1AAC0DD245585DE6237CF100F68333AFACFF562 pkg: com.tmobile.echolocate access: 0, cert: 3D1A4BEF6EE7AF7D34D120E7B1AAC0DD245585DE6237CF100F68333AFACFF562 pkg: com.tmobile.services.nameid access: 0, cert: 3D1A4BEF6EE7AF7D34D120E7B1AAC0DD245585DE6237CF100F68333AFACFF562 pkg: com.tmobile.pr.mytmobile access: 0, cert: 3D1A4BEF6EE7AF7D34D120E7B1AAC0DD245585DE6237CF100F68333AFACFF562 pkg: com.tmobile.vvm.application access: 0, cert: 6892793FC413019D2DF609DFED7AF622D0F2D8FCF96EFA7E3FB87EEA34E10B93 pkg: com.tmobile.rsuapp access: 0, cert: 6892793FC413019D2DF609DFED7AF622D0F2D8FCF96EFA7E3FB87EEA34E10B93 pkg: com.tmobile.echolocate access: 0, cert: 6892793FC413019D2DF609DFED7AF622D0F2D8FCF96EFA7E3FB87EEA34E10B93 pkg: com.tmobile.services.nameid access: 0, cert: 6892793FC413019D2DF609DFED7AF622D0F2D8FCF96EFA7E3FB87EEA34E10B93 pkg: com.tmobile.pr.mytmobile access: 0, cert: 6892793FC413019D2DF609DFED7AF622D0F2D8FCF96EFA7E3FB87EEA34E10B93 pkg: com.tmobile.vvm.application access: 0, cert: 7B68FD9D4E7610C9CB35FC0C6CC06EA04C6906E3DFA9F48F9A05460AF36BFFFC pkg: com.tmobile.rsuapp access: 0, cert: 7B68FD9D4E7610C9CB35FC0C6CC06EA04C6906E3DFA9F48F9A05460AF36BFFFC pkg: com.tmobile.echolocate access: 0, cert: 7B68FD9D4E7610C9CB35FC0C6CC06EA04C6906E3DFA9F48F9A05460AF36BFFFC pkg: com.tmobile.services.nameid access: 0, cert: 7B68FD9D4E7610C9CB35FC0C6CC06EA04C6906E3DFA9F48F9A05460AF36BFFFC pkg: com.tmobile.pr.mytmobile access: 0, cert: 7B68FD9D4E7610C9CB35FC0C6CC06EA04C6906E3DFA9F48F9A05460AF36BFFFC pkg: com.tmobile.vvm.application access: 0] countryIso=us profileClass=-1 mType=LOCAL_SIM areUiccApplicationsEnabled=true usageSetting=DEFAULT isOnlyNonTerrestrialNetwork=false serviceCapabilities=[1, 2, 3] transferStatus=0 isSatelliteESOSSupported=false]]
05-06 17:38:08.785   671  1940 I WifiService: getScanResults uid=1000
05-06 17:38:08.786   671  1940 I WifiService: getWifiEnabledState uid=1000 state=3
05-06 17:38:08.786   671  1940 I WifiService: getScanResults uid=1000
05-06 17:38:08.786  1147  1158 D SubscriptionRepository: getSelectableSubscriptionInfoList: [[SubscriptionInfo: id=1 iccId=89860318640220133897 simSlotIndex=0 portIndex=0 isEmbedded=false carrierId=1 displayName=T-Mobile carrierName=T-Mobile isOpportunistic=false groupUuid=null groupOwner= isGroupDisabled=false displayNameSource=CARRIER iconTint=-16749196 number=+15551234567 dataRoaming=0 mcc=310 mnc=260 ehplmns=[] hplmns=[] cardString=89860318640220133897 cardId=0 nativeAccessRules=null carrierConfigAccessRules=[cert: 92B5F8117FBD9BD5738FF168A4FA12CBE284BE834EDE1A7BB44DD8455BA15920 pkg: com.tmobile.rsuapp access: 0, cert: 92B5F8117FBD9BD5738FF168A4FA12CBE284BE834EDE1A7BB44DD8455BA15920 pkg: com.tmobile.echolocate access: 0, cert: 92B5F8117FBD9BD5738FF168A4FA12CBE284BE834EDE1A7BB44DD8455BA15920 pkg: com.tmobile.services.nameid access: 0, cert: 92B5F8117FBD9BD5738FF168A4FA12CBE284BE834EDE1A7BB44DD8455BA15920 pkg: com.tmobile.pr.mytmobile access: 0, cert: 92B5F8117FBD9BD5738FF168A4FA12CBE284BE834EDE1A7BB44DD8455BA15920 pkg: com.tmobile.vvm.application access: 0, cert: 3D1A4BEF6EE7AF7D34D120E7B1AAC0DD245585DE6237CF100F68333AFACFF562 pkg: com.tmobile.rsuapp access: 0, cert: 3D1A4BEF6EE7AF7D34D120E7B1AAC0DD245585DE6237CF100F68333AFACFF562 pkg: com.tmobile.echolocate access: 0, cert: 3D1A4BEF6EE7AF7D34D120E7B1AAC0DD245585DE6237CF100F68333AFACFF562 pkg: com.tmobile.services.nameid access: 0, cert: 3D1A4BEF6EE7AF7D34D120E7B1AAC0DD245585DE6237CF100F68333AFACFF562 pkg: com.tmobile.pr.mytmobile access: 0, cert: 3D1A4BEF6EE7AF7D34D120E7B1AAC0DD245585DE6237CF100F68333AFACFF562 pkg: com.tmobile.vvm.application access: 0, cert: 6892793FC413019D2DF609DFED7AF622D0F2D8FCF96EFA7E3FB87EEA34E10B93 pkg: com.tmobile.rsuapp access: 0, cert: 6892793FC413019D2DF609DFED7AF622D0F2D8FCF96EFA7E3FB87EEA34E10B93 pkg: com.tmobile.echolocate access: 0, cert: 6892793FC413019D2DF609DFED7AF622D0F2D8FCF96EFA7E3FB87EEA34E10B93 pkg: com.tmobile.services.nameid access: 0, cert: 6892793FC413019D2DF609DFED7AF622D0F2D8FCF96EFA7E3FB87EEA34E10B93 pkg: com.tmobile.pr.mytmobile access: 0, cert: 6892793FC413019D2DF609DFED7AF622D0F2D8FCF96EFA7E3FB87EEA34E10B93 pkg: com.tmobile.vvm.application access: 0, cert: 7B68FD9D4E7610C9CB35FC0C6CC06EA04C6906E3DFA9F48F9A05460AF36BFFFC pkg: com.tmobile.rsuapp access: 0, cert: 7B68FD9D4E7610C9CB35FC0C6CC06EA04C6906E3DFA9F48F9A05460AF36BFFFC pkg: com.tmobile.echolocate access: 0, cert: 7B68FD9D4E7610C9CB35FC0C6CC06EA04C6906E3DFA9F48F9A05460AF36BFFFC pkg: com.tmobile.services.nameid access: 0, cert: 7B68FD9D4E7610C9CB35FC0C6CC06EA04C6906E3DFA9F48F9A05460AF36BFFFC pkg: com.tmobile.pr.mytmobile access: 0, cert: 7B68FD9D4E7610C9CB35FC0C6CC06EA04C6906E3DFA9F48F9A05460AF36BFFFC pkg: com.tmobile.vvm.application access: 0] countryIso=us profileClass=-1 mType=LOCAL_SIM areUiccApplicationsEnabled=true usageSetting=DEFAULT isOnlyNonTerrestrialNetwork=false serviceCapabilities=[1, 2, 3] transferStatus=0 isSatelliteESOSSupported=false]]
05-06 17:38:08.786  1147  1158 D SubscriptionRepository: getSelectableSubscriptionInfoList: [[SubscriptionInfo: id=1 iccId=89860318640220133897 simSlotIndex=0 portIndex=0 isEmbedded=false carrierId=1 displayName=T-Mobile carrierName=T-Mobile isOpportunistic=false groupUuid=null groupOwner= isGroupDisabled=false displayNameSource=CARRIER iconTint=-16749196 number=+15551234567 dataRoaming=0 mcc=310 mnc=260 ehplmns=[] hplmns=[] cardString=89860318640220133897 cardId=0 nativeAccessRules=null carrierConfigAccessRules=[cert: 92B5F8117FBD9BD5738FF168A4FA12CBE284BE834EDE1A7BB44DD8455BA15920 pkg: com.tmobile.rsuapp access: 0, cert: 92B5F8117FBD9BD5738FF168A4FA12CBE284BE834EDE1A7BB44DD8455BA15920 pkg: com.tmobile.echolocate access: 0, cert: 92B5F8117FBD9BD5738FF168A4FA12CBE284BE834EDE1A7BB44DD8455BA15920 pkg: com.tmobile.services.nameid access: 0, cert: 92B5F8117FBD9BD5738FF168A4FA12CBE284BE834EDE1A7BB44DD8455BA15920 pkg: com.tmobile.pr.mytmobile access: 0, cert: 92B5F8117FBD9BD5738FF168A4FA12CBE284BE834EDE1A7BB44DD8455BA15920 pkg: com.tmobile.vvm.application access: 0, cert: 3D1A4BEF6EE7AF7D34D120E7B1AAC0DD245585DE6237CF100F68333AFACFF562 pkg: com.tmobile.rsuapp access: 0, cert: 3D1A4BEF6EE7AF7D34D120E7B1AAC0DD245585DE6237CF100F68333AFACFF562 pkg: com.tmobile.echolocate access: 0, cert: 3D1A4BEF6EE7AF7D34D120E7B1AAC0DD245585DE6237CF100F68333AFACFF562 pkg: com.tmobile.services.nameid access: 0, cert: 3D1A4BEF6EE7AF7D34D120E7B1AAC0DD245585DE6237CF100F68333AFACFF562 pkg: com.tmobile.pr.mytmobile access: 0, cert: 3D1A4BEF6EE7AF7D34D120E7B1AAC0DD245585DE6237CF100F68333AFACFF562 pkg: com.tmobile.vvm.application access: 0, cert: 6892793FC413019D2DF609DFED7AF622D0F2D8FCF96EFA7E3FB87EEA34E10B93 pkg: com.tmobile.rsuapp access: 0, cert: 6892793FC413019D2DF609DFED7AF622D0F2D8FCF96EFA7E3FB87EEA34E10B93 pkg: com.tmobile.echolocate access: 0, cert: 6892793FC413019D2DF609DFED7AF622D0F2D8FCF96EFA7E3FB87EEA34E10B93 pkg: com.tmobile.services.nameid access: 0, cert: 6892793FC413019D2DF609DFED7AF622D0F2D8FCF96EFA7E3FB87EEA34E10B93 pkg: com.tmobile.pr.mytmobile access: 0, cert: 6892793FC413019D2DF609DFED7AF622D0F2D8FCF96EFA7E3FB87EEA34E10B93 pkg: com.tmobile.vvm.application access: 0, cert: 7B68FD9D4E7610C9CB35FC0C6CC06EA04C6906E3DFA9F48F9A05460AF36BFFFC pkg: com.tmobile.rsuapp access: 0, cert: 7B68FD9D4E7610C9CB35FC0C6CC06EA04C6906E3DFA9F48F9A05460AF36BFFFC pkg: com.tmobile.echolocate access: 0, cert: 7B68FD9D4E7610C9CB35FC0C6CC06EA04C6906E3DFA9F48F9A05460AF36BFFFC pkg: com.tmobile.services.nameid access: 0, cert: 7B68FD9D4E7610C9CB35FC0C6CC06EA04C6906E3DFA9F48F9A05460AF36BFFFC pkg: com.tmobile.pr.mytmobile access: 0, cert: 7B68FD9D4E7610C9CB35FC0C6CC06EA04C6906E3DFA9F48F9A05460AF36BFFFC pkg: com.tmobile.vvm.application access: 0] countryIso=us profileClass=-1 mType=LOCAL_SIM areUiccApplicationsEnabled=true usageSetting=DEFAULT isOnlyNonTerrestrialNetwork=false serviceCapabilities=[1, 2, 3] transferStatus=0 isSatelliteESOSSupported=false]]
05-06 17:38:08.787   671  1940 I WifiService: isFeatureSupported uid=1000 returns [WIFI_FEATURE_INFRA, WIFI_FEATURE_P2P, WIFI_FEATURE_MOBILE_HOTSPOT, WIFI_FEATURE_WPA3_SAE, WIFI_FEATURE_WPA3_SUITE_B, WIFI_FEATURE_OWE, WIFI_FEATURE_DPP, WIFI_FEATURE_AP_RAND_MAC, WIFI_FEATURE_MBO, WIFI_FEATURE_FILS_SHA256, WIFI_FEATURE_FILS_SHA384, WIFI_FEATURE_SAE_PK, WIFI_FEATURE_DPP_ENROLLEE_RESPONDER, WIFI_FEATURE_PASSPOINT_TERMS_AND_CONDITIONS, WIFI_FEATURE_WFD_R2, WIFI_FEATURE_DECORATED_IDENTITY, WIFI_FEATURE_TRUST_ON_FIRST_USE, WIFI_FEATURE_SET_TLS_MINIMUM_VERSION, WIFI_FEATURE_TLS_V1_3, WIFI_FEATURE_WEP, WIFI_FEATURE_WPA_PERSONAL]
05-06 17:38:08.788  1147  1158 D SubscriptionUtil: remove cached display name : 1
05-06 17:38:08.788  1147  1158 D SubscriptionRepository: getSelectableSubscriptionInfoList: [[SubscriptionInfo: id=1 iccId=89860318640220133897 simSlotIndex=0 portIndex=0 isEmbedded=false carrierId=1 displayName=T-Mobile carrierName=T-Mobile isOpportunistic=false groupUuid=null groupOwner= isGroupDisabled=false displayNameSource=CARRIER iconTint=-16749196 number=+15551234567 dataRoaming=0 mcc=310 mnc=260 ehplmns=[] hplmns=[] cardString=89860318640220133897 cardId=0 nativeAccessRules=null carrierConfigAccessRules=[cert: 92B5F8117FBD9BD5738FF168A4FA12CBE284BE834EDE1A7BB44DD8455BA15920 pkg: com.tmobile.rsuapp access: 0, cert: 92B5F8117FBD9BD5738FF168A4FA12CBE284BE834EDE1A7BB44DD8455BA15920 pkg: com.tmobile.echolocate access: 0, cert: 92B5F8117FBD9BD5738FF168A4FA12CBE284BE834EDE1A7BB44DD8455BA15920 pkg: com.tmobile.services.nameid access: 0, cert: 92B5F8117FBD9BD5738FF168A4FA12CBE284BE834EDE1A7BB44DD8455BA15920 pkg: com.tmobile.pr.mytmobile access: 0, cert: 92B5F8117FBD9BD5738FF168A4FA12CBE284BE834EDE1A7BB44DD8455BA15920 pkg: com.tmobile.vvm.application access: 0, cert: 3D1A4BEF6EE7AF7D34D120E7B1AAC0DD245585DE6237CF100F68333AFACFF562 pkg: com.tmobile.rsuapp access: 0, cert: 3D1A4BEF6EE7AF7D34D120E7B1AAC0DD245585DE6237CF100F68333AFACFF562 pkg: com.tmobile.echolocate access: 0, cert: 3D1A4BEF6EE7AF7D34D120E7B1AAC0DD245585DE6237CF100F68333AFACFF562 pkg: com.tmobile.services.nameid access: 0, cert: 3D1A4BEF6EE7AF7D34D120E7B1AAC0DD245585DE6237CF100F68333AFACFF562 pkg: com.tmobile.pr.mytmobile access: 0, cert: 3D1A4BEF6EE7AF7D34D120E7B1AAC0DD245585DE6237CF100F68333AFACFF562 pkg: com.tmobile.vvm.application access: 0, cert: 6892793FC413019D2DF609DFED7AF622D0F2D8FCF96EFA7E3FB87EEA34E10B93 pkg: com.tmobile.rsuapp access: 0, cert: 6892793FC413019D2DF609DFED7AF622D0F2D8FCF96EFA7E3FB87EEA34E10B93 pkg: com.tmobile.echolocate access: 0, cert: 6892793FC413019D2DF609DFED7AF622D0F2D8FCF96EFA7E3FB87EEA34E10B93 pkg: com.tmobile.services.nameid access: 0, cert: 6892793FC413019D2DF609DFED7AF622D0F2D8FCF96EFA7E3FB87EEA34E10B93 pkg: com.tmobile.pr.mytmobile access: 0, cert: 6892793FC413019D2DF609DFED7AF622D0F2D8FCF96EFA7E3FB87EEA34E10B93 pkg: com.tmobile.vvm.application access: 0, cert: 7B68FD9D4E7610C9CB35FC0C6CC06EA04C6906E3DFA9F48F9A05460AF36BFFFC pkg: com.tmobile.rsuapp access: 0, cert: 7B68FD9D4E7610C9CB35FC0C6CC06EA04C6906E3DFA9F48F9A05460AF36BFFFC pkg: com.tmobile.echolocate access: 0, cert: 7B68FD9D4E7610C9CB35FC0C6CC06EA04C6906E3DFA9F48F9A05460AF36BFFFC pkg: com.tmobile.services.nameid access: 0, cert: 7B68FD9D4E7610C9CB35FC0C6CC06EA04C6906E3DFA9F48F9A05460AF36BFFFC pkg: com.tmobile.pr.mytmobile access: 0, cert: 7B68FD9D4E7610C9CB35FC0C6CC06EA04C6906E3DFA9F48F9A05460AF36BFFFC pkg: com.tmobile.vvm.application access: 0] countryIso=us profileClass=-1 mType=LOCAL_SIM areUiccApplicationsEnabled=true usageSetting=DEFAULT isOnlyNonTerrestrialNetwork=false serviceCapabilities=[1, 2, 3] transferStatus=0 isSatelliteESOSSupported=false]]
05-06 17:38:08.788  1147  1158 D SubscriptionUtil: remove cached display name : 1
05-06 17:38:08.788   671  1940 I WifiService: getWifiConfigsForMatchedNetworkSuggestions uid=1000
05-06 17:38:08.790  1147  3121 D SliceBroadcastRelay: Unregistering uri broadcast relay: content://com.android.settings.slices/action/mobile_data
05-06 17:38:08.790  1147  1147 D SettingsSliceProvider: Stopping background worker for: content://com.android.settings.slices/action/mobile_data
05-06 17:38:08.793   671  1940 I WifiService: getMatchingPasspointConfigurations uid=1000
05-06 17:38:08.793   671  1940 I WifiService: getMatchingOsuProviders uid=1000
05-06 17:38:08.794   671  1940 I WifiService: getMatchingPasspointConfigsForOsuProviders uid=1000
05-06 17:38:08.794   671  1940 I WifiService: getCurrentNetwork uid=1000
05-06 17:38:08.794   671  1940 I WifiService: getConnectionInfo uid=1000
05-06 17:38:08.794   671  1940 V WifiService: Clearing REDACT_FOR_LOCAL_MAC_ADDRESS for com.android.settings(uid=1000)
05-06 17:38:08.794   671  1940 V WifiService: Clearing REDACT_FOR_NETWORK_SETTINGS for com.android.settings(uid=1000)
05-06 17:38:08.794   671  1940 V WifiService: Clearing REDACT_FOR_ACCESS_FINE_LOCATION for com.android.settings(uid=1000)
05-06 17:38:08.795   671  1940 I WifiService: getCurrentNetwork uid=1000
05-06 17:38:08.795   671  1940 I WifiService: getConnectionInfo uid=1000
05-06 17:38:08.795   671  1940 V WifiService: Clearing REDACT_FOR_LOCAL_MAC_ADDRESS for com.android.settings(uid=1000)
05-06 17:38:08.795   671  1940 V WifiService: Clearing REDACT_FOR_NETWORK_SETTINGS for com.android.settings(uid=1000)
05-06 17:38:08.795   671  1940 V WifiService: Clearing REDACT_FOR_ACCESS_FINE_LOCATION for com.android.settings(uid=1000)
05-06 17:38:08.796   671  1940 I WifiService: getVerboseLoggingLevel uid=1000
05-06 17:38:08.796  1147  3691 V WifiPickerTracker: onWifiEntriesChanged: reason=0
05-06 17:38:08.796  1147  3691 V WifiPickerTracker: Entry 1/1: [StandardWifiEntry][AndroidWifi][][Level:4][Connected][Internet][Primary][Saved]
05-06 17:38:08.796  1147  3691 V WifiPickerTracker: MergedCarrierEntry: [MergedCarrierEntry][][][Level:-1][SubId:1]
05-06 17:38:08.796   671  1193 I WifiService: getVerboseLoggingLevel uid=1000
05-06 17:38:08.797   671  1193 I WifiService: getVerboseLoggingLevel uid=1000
05-06 17:38:08.797   671  1193 I WifiService: getVerboseLoggingLevel uid=1000
05-06 17:38:08.797  1147  3691 V WifiPickerTracker: onWifiEntriesChanged: reason=0
05-06 17:38:08.797  1147  3691 V WifiPickerTracker: Entry 1/1: [StandardWifiEntry][AndroidWifi][][Level:4][Connected][Internet][Primary][Saved]
05-06 17:38:08.797  1147  3691 V WifiPickerTracker: MergedCarrierEntry: [MergedCarrierEntry][][][Level:-1][SubId:1]
05-06 17:38:08.797   671  1193 I WifiService: getWifiEnabledState uid=1000 state=3
05-06 17:38:08.797   671  1193 I WifiService: getVerboseLoggingLevel uid=1000
05-06 17:38:08.798   671  1940 I WifiService: getVerboseLoggingLevel uid=1000
05-06 17:38:08.798  1147  3691 V WifiPickerTracker: onWifiEntriesChanged: reason=0
05-06 17:38:08.798  1147  3691 V WifiPickerTracker: Entry 1/1: [StandardWifiEntry][AndroidWifi][][Level:4][Connected][Internet][Primary][Saved]
05-06 17:38:08.798  1147  3691 V WifiPickerTracker: MergedCarrierEntry: [MergedCarrierEntry][][][Level:-1][SubId:1]
05-06 17:38:08.798   671  1193 I WifiService: getVerboseLoggingLevel uid=1000
05-06 17:38:08.798   671  1940 I WifiService: getVerboseLoggingLevel uid=1000
05-06 17:38:08.798  1147  3691 V WifiPickerTracker: Received broadcast: android.net.wifi.STATE_CHANGE
05-06 17:38:08.798   671  1940 I WifiService: getConnectionInfo uid=1000
05-06 17:38:08.798   671  1940 V WifiService: Clearing REDACT_FOR_LOCAL_MAC_ADDRESS for com.android.settings(uid=1000)
05-06 17:38:08.798   671  1940 V WifiService: Clearing REDACT_FOR_NETWORK_SETTINGS for com.android.settings(uid=1000)
05-06 17:38:08.798   671  1940 V WifiService: Clearing REDACT_FOR_ACCESS_FINE_LOCATION for com.android.settings(uid=1000)
05-06 17:38:08.799   671  1193 I WifiService: getVerboseLoggingLevel uid=1000
05-06 17:38:08.799   671  1940 I WifiService: getVerboseLoggingLevel uid=1000
05-06 17:38:08.799  1147  3691 V WifiPickerTracker: onWifiEntriesChanged: reason=0
05-06 17:38:08.799  1147  3691 V WifiPickerTracker: Entry 1/1: [StandardWifiEntry][AndroidWifi][][Level:4][Connected][Internet][Primary][Saved]
05-06 17:38:08.799  1147  3691 V WifiPickerTracker: MergedCarrierEntry: [MergedCarrierEntry][][][Level:-1][SubId:1]
05-06 17:38:08.799   671  1940 I WifiService: getVerboseLoggingLevel uid=1000
05-06 17:38:08.800   671  1193 I WifiService: getVerboseLoggingLevel uid=1000
05-06 17:38:08.800   671  1193 I WifiService: getVerboseLoggingLevel uid=1000
05-06 17:38:08.800  1147  3691 V WifiPickerTracker: onWifiEntriesChanged: reason=0
05-06 17:38:08.800  1147  3691 V WifiPickerTracker: Entry 1/1: [StandardWifiEntry][AndroidWifi][][Level:4][Connected][Internet][Primary][Saved]
05-06 17:38:08.800  1147  3691 V WifiPickerTracker: MergedCarrierEntry: [MergedCarrierEntry][][][Level:-1][SubId:1]
05-06 17:38:08.800   671  1193 I WifiService: getVerboseLoggingLevel uid=1000
05-06 17:38:08.801   671  1193 I WifiService: getVerboseLoggingLevel uid=1000
05-06 17:38:08.801   671  1193 I WifiService: getVerboseLoggingLevel uid=1000
05-06 17:38:08.801   671  1193 I WifiService: getVerboseLoggingLevel uid=1000
05-06 17:38:08.802   671  1193 I WifiService: getVerboseLoggingLevel uid=1000
05-06 17:38:08.845  1147  1158 D WifiCallingSliceHelper: Wifi calling is either not provisioned or not enabled by Platform
05-06 17:38:08.846  1147  3104 D SlicesIndexer: Slices already indexed - returning.
05-06 17:38:08.846  1147  3104 D SettingsSliceProvider: Could not create slicedata for uri: content://android.settings.slices/action/airplane_mode
05-06 17:38:08.846  1147  3104 D SettingsSliceProvider: java.lang.IllegalStateException: Invalid Slices key from path: airplane_mode
05-06 17:38:08.846  1147  3104 D SettingsSliceProvider: 	at com.android.settings.slices.SlicesDatabaseAccessor.getIndexedSliceData(SlicesDatabaseAccessor.java:133)
05-06 17:38:08.846  1147  3104 D SettingsSliceProvider: 	at com.android.settings.slices.SlicesDatabaseAccessor.getSliceDataFromUri(SlicesDatabaseAccessor.java:76)
05-06 17:38:08.846  1147  3104 D SettingsSliceProvider: 	at com.android.settings.slices.SettingsSliceProvider.loadSlice(SettingsSliceProvider.java:426)
05-06 17:38:08.846  1147  3104 D SettingsSliceProvider: 	at com.android.settings.slices.SettingsSliceProvider.lambda$loadSliceInBackground$5(SettingsSliceProvider.java:457)
05-06 17:38:08.846  1147  3104 D SettingsSliceProvider: 	at com.android.settings.slices.SettingsSliceProvider.$r8$lambda$F6THPPOOlgUQrkUG5e2ThbF-zrY(SettingsSliceProvider.java:0)
05-06 17:38:08.846  1147  3104 D SettingsSliceProvider: 	at com.android.settings.slices.SettingsSliceProvider$$ExternalSyntheticLambda4.run(R8$$SyntheticClass:0)
05-06 17:38:08.846  1147  3104 D SettingsSliceProvider: 	at java.util.concurrent.Executors$RunnableAdapter.call(Executors.java:524)
05-06 17:38:08.846  1147  3104 D SettingsSliceProvider: 	at com.google.common.util.concurrent.TrustedListenableFutureTask$TrustedFutureInterruptibleTask.runInterruptibly(TrustedListenableFutureTask.java:131)
05-06 17:38:08.846  1147  3104 D SettingsSliceProvider: 	at com.google.common.util.concurrent.InterruptibleTask.run(InterruptibleTask.java:76)
05-06 17:38:08.846  1147  3104 D SettingsSliceProvider: 	at com.google.common.util.concurrent.TrustedListenableFutureTask.run(TrustedListenableFutureTask.java:82)
05-06 17:38:08.846  1147  3104 D SettingsSliceProvider: 	at java.util.concurrent.ThreadPoolExecutor.runWorker(ThreadPoolExecutor.java:1156)
05-06 17:38:08.846  1147  3104 D SettingsSliceProvider: 	at java.util.concurrent.ThreadPoolExecutor$Worker.run(ThreadPoolExecutor.java:651)
05-06 17:38:08.846  1147  3104 D SettingsSliceProvider: 	at java.lang.Thread.run(Thread.java:1119)
05-06 17:38:08.847  1147  1158 D SliceBuilder: Creating slice for: com.android.settings.fuelgauge.batterysaver.BatterySaverButtonPreferenceController
05-06 17:38:08.849  1147  1158 W SatelliteRepository: SatelliteManager is null
05-06 17:38:08.850  1147  3121 D SliceBroadcastRelay: Unregistering uri broadcast relay: content://android.settings.slices/action/bluetooth
05-06 17:38:08.851   671   701 I WifiService: getWifiEnabledState uid=1000 state=3
05-06 17:38:08.851  1147  3121 D WifiSlice: calling uid name : com.google.android.settings.intelligence
05-06 17:38:08.852  1147  3121 W SatelliteRepository: SatelliteManager is null
05-06 17:38:08.853  1147  3121 W SatelliteRepository: SatelliteManager is null
05-06 17:38:08.855  1147  1147 D SettingsSliceProvider: Stopping background worker for: content://android.settings.slices/action/wifi
05-06 17:38:08.856   671   701 I WifiService: getVerboseLoggingLevel uid=1000
05-06 17:38:08.856  1147  1147 V WifiPickerTracker: onStop
05-06 17:38:08.856  1147  3691 I WifiPickerTracker: Scanning stopped
05-06 17:38:08.856   671   701 I WifiService: removeWifiStateChangedListener uid=1000
05-06 17:38:09.566   671   701 D WifiNl80211Manager: Scan result ready event
05-06 17:38:09.566   923   923 D wpa_supplicant: nl80211: Drv Event 34 (NL80211_CMD_NEW_SCAN_RESULTS) received for wlan0
05-06 17:38:09.566   923   923 D wpa_supplicant: wlan0: nl80211: New scan results available
05-06 17:38:09.566   923   923 D wpa_supplicant: nl80211: Scan probed for SSID ''
05-06 17:38:09.566   923   923 D wpa_supplicant: nl80211: Scan included frequencies: 2412 2417 2422 2427 2432 2437 2442 2447 2452 2457 2462 2467 2472 2484
05-06 17:38:09.566   923   923 D wpa_supplicant: wlan0: Event SCAN_RESULTS (3) received
05-06 17:38:09.566   671   701 D WifiNative: Scan result ready event
05-06 17:38:09.566   923   923 D wpa_supplicant: nl80211: Received scan results (1 BSSes)
05-06 17:38:09.566   923   923 D wpa_supplicant: nl80211: Scan results indicate BSS status with 00:13:10:85:fe:01 as associated
05-06 17:38:09.566   923   923 D wpa_supplicant: wlan0: BSS: Start scan result update 5
05-06 17:38:09.566   923   923 D wpa_supplicant: BSS: last_scan_res_used=1/32
05-06 17:38:09.566   923   923 D wpa_supplicant: wlan0: New scan results available (own=0 ext=1)
05-06 17:38:09.566   923   923 D wpa_supplicant: wlan0: Do not use results from externally requested scan operation for network selection
05-06 17:38:09.566   923   923 D wpa_supplicant: p2p-dev-wlan0: Updating scan results from sibling
05-06 17:38:09.566   923   923 D wpa_supplicant: nl80211: Received scan results (1 BSSes)
05-06 17:38:09.566   923   923 D wpa_supplicant: p2p-dev-wlan0: BSS: Start scan result update 5
05-06 17:38:09.566   923   923 D wpa_supplicant: BSS: last_scan_res_used=1/32
05-06 17:38:09.566   923   923 D wpa_supplicant: p2p-dev-wlan0: New scan results available (own=0 ext=1)
05-06 17:38:09.566   923   923 D wpa_supplicant: p2p-dev-wlan0: Do not use results from externally requested scan operation for network selection
05-06 17:38:09.566   671   847 D WifiNl80211Manager: get 1 scan results from wificond
05-06 17:38:09.567   671   847 D WifiNative: get 1 scan results from wificond
05-06 17:38:09.567  1255  2171 I WifiScanner: onFullResults
05-06 17:38:09.567  1147  3121 I WifiScanner: onFullResults
05-06 17:38:09.567   671   847 I WifiScanningService: singleScanResults: ClientInfo[uid=1000, package=com.android.settings, attributionTag=null, android.net.wifi.IWifiScannerListener$Stub$Proxy@e38f853],results=1
05-06 17:38:09.567   671   847 I WifiScanningService: singleScanResults listener: ClientInfo[uid=1000, package=android, attributionTag=null, com.android.server.wifi.scanner.WifiScannerInternal$ScanListener@fa6d9e5],results=1
05-06 17:38:09.568   671   847 I WifiScanningService: singleScanResults listener: ClientInfo[uid=1000, package=android, attributionTag=null, com.android.server.wifi.scanner.WifiScannerInternal$ScanListener@5b9ea86],results=1
05-06 17:38:09.568   671   847 I WifiScanningService: singleScanResults listener: ClientInfo[uid=1000, package=android, attributionTag=null, com.android.server.wifi.scanner.WifiScannerInternal$ScanListener@7fd110f],results=1
05-06 17:38:09.568   671   847 I WifiScanningService: singleScanResults listener: ClientInfo[uid=10144, package=com.google.android.gms, attributionTag=network_location_provider, android.net.wifi.IWifiScannerListener$Stub$Proxy@76c6f20],results=1
05-06 17:38:09.568   671   847 I WifiScanningService: Unregistering listener= android.net.wifi.IWifiScannerListener$Stub$Proxy@e38f853 uid=1000 packageName=com.android.settings workSource=WorkSource{1000}
05-06 17:38:09.569   671   843 D WifiScanRequestProxy: Scan results received
05-06 17:38:09.570   671   843 D WifiScanRequestProxy: Received 1 scan results
05-06 17:38:09.570   671   843 D WifiHealthMonitor:  2G scanResult count: 1, Above2g scanResult count: 0
05-06 17:38:09.570   671   843 V WifiConfigManager: getSavedNetworkFromScanResult Found "AndroidWifi"NONE for AndroidWifi[[ESS]]
05-06 17:38:09.574   671   843 I HalDevMgr: bestIfaceCreationProposal is null, requestIface=STA, existingIface=[name=wlan0 type=STA]
05-06 17:38:09.574   671   843 V WifiConnectivityManager: Clearing blocklist for REASON_FRAMEWORK_DISCONNECT_FAST_RECONNECT
05-06 17:38:09.574   671   843 V WifiConnectivityManager: AllSingleScanListener onResults: start network selection
05-06 17:38:09.574   671   843 V WifiConfigManager: getSavedNetworkFromScanResult Found "AndroidWifi"NONE for AndroidWifi[[ESS]]
05-06 17:38:09.574   671   843 D WifiNetworkSelector: Current connected network: 0
05-06 17:38:09.574   671   843 D WifiNetworkSelector: wlan0: Current connected network already sufficient. Skip network selection.
05-06 17:38:09.574   671   843 V WifiLastResortWatchdog: updateAvailableNetworks: size = 0
05-06 17:38:09.575   671   843 V WifiLastResortWatchdog: mWatchdogFeatureEnabled: true
05-06 17:38:09.575   671   843 V WifiLastResortWatchdog: mWatchdogAllowedToTrigger: true
05-06 17:38:09.575   671   843 V WifiLastResortWatchdog: mRecentAvailableNetworks: 1
05-06 17:38:09.575   671   843 V WifiLastResortWatchdog:  00:13:10:85:fe:01: "AndroidWifi" HasEverConnected: true, Failures: {Assoc: 0, Auth: 0, Dhcp: 0}, Age: 4
05-06 17:38:09.575   671   843 V WifiLastResortWatchdog: mSsidFailureCount:
05-06 17:38:09.575   671   843 V WifiLastResortWatchdog: "AndroidWifi": 1, HasEverConnected: true, Failures: {Assoc: 0, Auth: 0, Dhcp: 0}
05-06 17:38:09.575   671   843 V WifiConnectivityManager: AllSingleScanListener:  No candidates
05-06 17:38:09.640   671   843 D WifiClientModeImpl[8610:wlan0]: updateLinkLayerStatsRssiSpeedFrequencyCapabilities rssi=-50 TxLinkspeed=1 freq=2447 RxLinkSpeed=2
05-06 17:38:09.641   671   843 D WifiDataStall: tx tput in kbps: 11000
05-06 17:38:09.641   671   843 D WifiDataStall: rx tput in kbps: 11000
05-06 17:38:09.641   671   843 V WifiConfigManager: Updating scan detail cache freq=2447 BSSID=00:13:10:85:fe:01 RSSI=-50 for "AndroidWifi"NONE
05-06 17:38:09.641   671   843 D WifiThroughputPredictor:  utilization (LLS) 80 isBluetoothConnected: false final utilization: 80
05-06 17:38:09.641   671   843 D WifiThroughputPredictor:  BW: 0 RSSI: -50 Nss: 1 Mode: 1 symDur: 4000 snrDb 30 bitPerTone: 4500 rate: 54 throughput: 11
05-06 17:38:09.641   671   843 D WifiThroughputPredictor:  utilization (LLS) 80 isBluetoothConnected: false final utilization: 80
05-06 17:38:09.641   671   843 D WifiThroughputPredictor:  BW: 0 RSSI: -50 Nss: 1 Mode: 1 symDur: 4000 snrDb 30 bitPerTone: 4500 rate: 54 throughput: 11
05-06 17:38:09.641   671   843 D WifiThroughputPredictor:  utilization (LLS) 80 isBluetoothConnected: false final utilization: 80
05-06 17:38:09.641   671   843 D WifiThroughputPredictor:  BW: 0 RSSI: -50 Nss: 1 Mode: 1 symDur: 4000 snrDb 30 bitPerTone: 4500 rate: 54 throughput: 11
05-06 17:38:09.641   671   843 D WifiThroughputPredictor:  utilization (LLS) 80 isBluetoothConnected: false final utilization: 80
05-06 17:38:09.641   671   843 D WifiThroughputPredictor:  BW: 0 RSSI: -50 Nss: 1 Mode: 1 symDur: 4000 snrDb 30 bitPerTone: 4500 rate: 54 throughput: 11
05-06 17:38:09.643   671   843 D WifiScoreCard: BSSID update SIGNAL_POLL ID: 786848858 SSID: "AndroidWifi", BSSID: 00:13:10:85:fe:01, MAC: 02:15:b2:00:00:00, IP: /10.0.2.16, Security type: 0, Supplicant state: COMPLETED, Wi-Fi standard: legacy, RSSI: -50, Link speed: 1Mbps, Tx Link speed: 1Mbps, Max Supported Tx Link speed: 11Mbps, Rx Link speed: 2Mbps, Max Supported Rx Link speed: 11Mbps, Frequency: 2447MHz, Net ID: 0, Metered hint: false, score: 60, isUsable: true, CarrierMerged: false, SubscriptionId: -1, IsPrimary: 1, Trusted: true, Restricted: false, Ephemeral: false, OEM paid: false, OEM private: false, OSU AP: false, FQDN: <none>, Provider friendly name: <none>, Requesting package name: <none>"AndroidWifi"openMLO Information: , Is TID-To-Link negotiation supported by the AP: false, AP MLD Address: <none>, AP MLO Link Id: <none>, AP MLO Affiliated links: <none>, Vendor Data: <none>
05-06 17:38:09.643   671   843 D WifiScoreCard: txRate: 5 txSpeed: 1
05-06 17:38:09.643   671   843 D WifiScoreCard: network update SIGNAL_POLL "AndroidWifi" ID: 1628418683 RSSI -50 txSpeed 1
05-06 17:38:09.643   671   843 D WifiClientModeImpl[8610:wlan0]:  ClientModeImpl$L2ConnectedState screen=on 1 0 "AndroidWifi" 00:13:10:85:fe:01 rssi=-50 f=2447 sc=60 link=1 tx=4.9, 0.0, 0.0 rx=5.0 bcn=0 [on:0 tx:0 rx:0 period:3005] from screen [on:0 period:-12970901] score=60
05-06 17:38:09.798  3696  3696 W screencap: Thread Pool max thread count is 0. Cannot cache binder as linkToDeath cannot be implemented. serviceName: SurfaceFlingerAIDL
05-06 17:38:09.798  3696  3696 W BpBinder: Linking to death on android.gui.ISurfaceComposer but there are no threads (yet?) listening to incoming transactions. See ProcessState::startThreadPool and ProcessState::setThreadPoolMaxThreadCount. Generally you should setup the binder threadpool before other initialization steps.
05-06 17:38:09.799  3696  3696 W ProcessState: Extra binder thread started, but 0 threads requested. Do not use *startThreadPool when zero threads are requested.
05-06 17:38:09.800   517   567 E HwcComposer: getLuts failed Status(-8, EX_SERVICE_SPECIFIC): '8: '
05-06 17:38:09.800   517   567 E HWComposer: getLuts: getLuts failed for display 4619827259835644672: UNSUPPORTED (8)
--------- beginning of kernel
05-06 17:38:09.806   219   219 I servicemanager: Caller(pid=3696,uid=2000,sid=u:r:shell:s0) Found android.hardware.graphics.allocator.IAllocator/default in device VINTF manifest.
05-06 17:38:09.806   219   219 I servicemanager: Caller(pid=3696,uid=2000,sid=u:r:shell:s0) Found android.hardware.graphics.allocator.IAllocator/default in device VINTF manifest.
05-06 17:38:09.807   219   219 I servicemanager: Caller(pid=3696,uid=2000,sid=u:r:shell:s0) Found mapper/ranchu in device VINTF manifest.
