--------- beginning of system
05-06 17:38:25.594   671  1940 W ActivityTaskManager: callingPackage for (uid=2000, pid=3718) has no WPC
--------- beginning of main
05-06 17:38:25.594   671  1940 V GrammaticalInflectionUtils: AttributionSource: AttributionSource { uid = 10213, packageName = null, attributionTag = null, token = android.os.Binder@f2c5a12, deviceId = 0, next = null } does not have READ_SYSTEM_GRAMMATICAL_GENDER permission.
05-06 17:38:25.595   671  1940 W OptProp : Cannot read opt property android.window.PROPERTY_COMPAT_ALLOW_USER_ASPECT_RATIO_OVERRIDE
05-06 17:38:25.595   671  1940 W OptProp : Cannot read opt property android.window.PROPERTY_COMPAT_ALLOW_USER_ASPECT_RATIO_FULLSCREEN_OVERRIDE
05-06 17:38:25.595   671  1940 W OptProp : Cannot read opt property android.window.PROPERTY_COMPAT_ALLOW_RESIZEABLE_ACTIVITY_OVERRIDES
05-06 17:38:25.595   671  1940 W OptProp : Cannot read opt property android.window.PROPERTY_COMPAT_ALLOW_MIN_ASPECT_RATIO_OVERRIDE
05-06 17:38:25.595   671  1940 I ActivityTaskManager: START u0 {act=android.intent.action.VIEW dat=chartkitshowcase://showcase/... flg=0x10000000 xflg=0x4 pkg=io.chartkit.showcase cmp=io.chartkit.showcase/.MainActivity} with LAUNCH_SINGLE_TASK from uid 2000 (BAL_ALLOW_PERMISSION) result code=3
05-06 17:38:25.595   941  1175 D KeyguardService: setOccluded(false)
05-06 17:38:25.595   517   567 I BpBinder: onLastStrongRef automatically unlinking death recipients: 
05-06 17:38:25.596   941  1175 D KeyguardViewMediator: setOccluded(false)
05-06 17:38:25.596   941   941 D KeyguardViewMediator: handleSetOccluded(false)
05-06 17:38:25.596   941   941 D KeyguardViewMediator: KeyguardViewMediator queue processing message: SET_OCCLUDED
05-06 17:38:25.596   941  1007 D WindowManagerShell: onActivityRestartAttempt: topActivity=ComponentInfo{io.chartkit.showcase/io.chartkit.showcase.MainActivity}, wasVisible=true
05-06 17:38:25.596  3518  3518 W unknown:BridgelessReact: ReactHost{0}.onHostPause(activity)
05-06 17:38:25.596  3518  3518 W unknown:BridgelessReact: ReactContext.onHostPause()
05-06 17:38:25.597  3518  3518 W unknown:BridgelessReact: ReactHost{0}.onHostResume(activity)
05-06 17:38:25.597  3518  3518 W unknown:BridgelessReact: ReactContext.onHostResume()
05-06 17:38:25.597   671   724 W IPCThreadState: Sending oneway calls to frozen process.
05-06 17:38:25.597   671   724 W IPCThreadState: Sending oneway calls to frozen process.
05-06 17:38:25.597   671   724 W IPCThreadState: Sending oneway calls to frozen process.
05-06 17:38:25.597   671   724 W IPCThreadState: Sending oneway calls to frozen process.
05-06 17:38:25.597   671   724 W IPCThreadState: Sending oneway calls to frozen process.
05-06 17:38:25.597   671   724 W IPCThreadState: Sending oneway calls to frozen process.
05-06 17:38:25.597   671   724 W IPCThreadState: Sending oneway calls to frozen process.
05-06 17:38:25.597   671   724 W IPCThreadState: Sending oneway calls to frozen process.
05-06 17:38:25.597   671   724 W IPCThreadState: Sending oneway calls to frozen process.
05-06 17:38:25.597   671   724 W IPCThreadState: Sending oneway calls to frozen process.
05-06 17:38:25.597   671   724 W IPCThreadState: Sending oneway calls to frozen process.
05-06 17:38:25.597   671   724 W IPCThreadState: Sending oneway calls to frozen process.
05-06 17:38:25.597   671   724 W IPCThreadState: Sending oneway calls to frozen process.
05-06 17:38:25.597   671   724 W IPCThreadState: Sending oneway calls to frozen process.
05-06 17:38:25.597   671   724 W IPCThreadState: Sending oneway calls to frozen process.
05-06 17:38:25.597   671   724 W IPCThreadState: Sending oneway calls to frozen process.
05-06 17:38:25.597   671   724 W IPCThreadState: Sending oneway calls to frozen process.
05-06 17:38:25.597   671   724 W IPCThreadState: Sending oneway calls to frozen process.
05-06 17:38:25.597   671   724 W IPCThreadState: Sending oneway calls to frozen process.
05-06 17:38:25.597   671   724 W IPCThreadState: Sending oneway calls to frozen process.
05-06 17:38:25.597   671   724 W IPCThreadState: Sending oneway calls to frozen process.
05-06 17:38:25.597   671   724 W IPCThreadState: Sending oneway calls to frozen process.
05-06 17:38:25.597   671   724 W IPCThreadState: Sending oneway calls to frozen process.
05-06 17:38:25.597   671   724 W IPCThreadState: Sending oneway calls to frozen process.
05-06 17:38:25.597   671   724 W IPCThreadState: Sending oneway calls to frozen process.
05-06 17:38:25.597   671   724 W IPCThreadState: Sending oneway calls to frozen process.
05-06 17:38:25.597   671   724 W IPCThreadState: Sending oneway calls to frozen process.
05-06 17:38:25.598   671   724 W IPCThreadState: Sending oneway calls to frozen process.
05-06 17:38:25.598   671   724 W IPCThreadState: Sending oneway calls to frozen process.
05-06 17:38:25.598   671   724 W IPCThreadState: Sending oneway calls to frozen process.
05-06 17:38:25.598   671   724 W IPCThreadState: Sending oneway calls to frozen process.
05-06 17:38:25.598   671   724 W IPCThreadState: Sending oneway calls to frozen process.
05-06 17:38:25.598   671   724 W IPCThreadState: Sending oneway calls to frozen process.
05-06 17:38:25.598   671   724 W IPCThreadState: Sending oneway calls to frozen process.
05-06 17:38:25.598   671   724 W IPCThreadState: Sending oneway calls to frozen process.
05-06 17:38:25.598   671   724 W IPCThreadState: Sending oneway calls to frozen process.
05-06 17:38:25.598   671   724 W IPCThreadState: Sending oneway calls to frozen process.
05-06 17:38:25.598   671   724 W IPCThreadState: Sending oneway calls to frozen process.
05-06 17:38:25.598   671   724 W IPCThreadState: Sending oneway calls to frozen process.
05-06 17:38:25.598   671   724 W IPCThreadState: Sending oneway calls to frozen process.
05-06 17:38:25.598   671   724 W IPCThreadState: Sending oneway calls to frozen process.
05-06 17:38:26.793  1055  1257 D SatelliteController: iisInCarrierRoamingNbIotNtn: satellite is disabled
05-06 17:38:27.162  3723  3723 W screencap: Thread Pool max thread count is 0. Cannot cache binder as linkToDeath cannot be implemented. serviceName: SurfaceFlingerAIDL
05-06 17:38:27.162  3723  3723 W BpBinder: Linking to death on android.gui.ISurfaceComposer but there are no threads (yet?) listening to incoming transactions. See ProcessState::startThreadPool and ProcessState::setThreadPoolMaxThreadCount. Generally you should setup the binder threadpool before other initialization steps.
05-06 17:38:27.162  3723  3723 W ProcessState: Extra binder thread started, but 0 threads requested. Do not use *startThreadPool when zero threads are requested.
05-06 17:38:27.163   517   805 E HwcComposer: getLuts failed Status(-8, EX_SERVICE_SPECIFIC): '8: '
05-06 17:38:27.163   517   805 E HWComposer: getLuts: getLuts failed for display 4619827259835644672: UNSUPPORTED (8)
--------- beginning of kernel
05-06 17:38:27.168   219   219 I servicemanager: Caller(pid=3723,uid=2000,sid=u:r:shell:s0) Found android.hardware.graphics.allocator.IAllocator/default in device VINTF manifest.
05-06 17:38:27.169   219   219 I servicemanager: Caller(pid=3723,uid=2000,sid=u:r:shell:s0) Found android.hardware.graphics.allocator.IAllocator/default in device VINTF manifest.
05-06 17:38:27.170   219   219 I servicemanager: Caller(pid=3723,uid=2000,sid=u:r:shell:s0) Found mapper/ranchu in device VINTF manifest.
