--------- beginning of system
05-06 21:43:43.942   672  2042 W ActivityTaskManager: callingPackage for (uid=2000, pid=3764) has no WPC
--------- beginning of main
05-06 21:43:43.943   672  2042 V GrammaticalInflectionUtils: AttributionSource: AttributionSource { uid = 10213, packageName = null, attributionTag = null, token = android.os.Binder@908430e, deviceId = 0, next = null } does not have READ_SYSTEM_GRAMMATICAL_GENDER permission.
05-06 21:43:43.944   672  2042 W OptProp : Cannot read opt property android.window.PROPERTY_COMPAT_ALLOW_USER_ASPECT_RATIO_OVERRIDE
05-06 21:43:43.944   672  2042 W OptProp : Cannot read opt property android.window.PROPERTY_COMPAT_ALLOW_USER_ASPECT_RATIO_FULLSCREEN_OVERRIDE
05-06 21:43:43.945   672  2042 W OptProp : Cannot read opt property android.window.PROPERTY_COMPAT_ALLOW_RESIZEABLE_ACTIVITY_OVERRIDES
05-06 21:43:43.945   672  2042 W OptProp : Cannot read opt property android.window.PROPERTY_COMPAT_ALLOW_MIN_ASPECT_RATIO_OVERRIDE
05-06 21:43:43.950   941  1845 D KeyguardService: setOccluded(false)
05-06 21:43:43.950   941  1845 D KeyguardViewMediator: setOccluded(false)
05-06 21:43:43.950   941   941 D KeyguardViewMediator: handleSetOccluded(false)
05-06 21:43:43.950   941   941 D KeyguardViewMediator: KeyguardViewMediator queue processing message: SET_OCCLUDED
05-06 21:43:43.950   672  2042 I ActivityTaskManager: START u0 {act=android.intent.action.VIEW dat=chartkitshowcase://showcase/... flg=0x10000000 xflg=0x4 pkg=io.chartkit.showcase cmp=io.chartkit.showcase/.MainActivity} with LAUNCH_SINGLE_TASK from uid 2000 (BAL_ALLOW_PERMISSION) result code=3
05-06 21:43:43.951  3659  3659 W unknown:BridgelessReact: ReactHost{0}.onHostPause(activity)
05-06 21:43:43.952  3659  3659 W unknown:BridgelessReact: ReactContext.onHostPause()
05-06 21:43:43.952   519   807 I BpBinder: onLastStrongRef automatically unlinking death recipients: 
05-06 21:43:43.952   941  1055 D WindowManagerShell: onActivityRestartAttempt: topActivity=ComponentInfo{io.chartkit.showcase/io.chartkit.showcase.MainActivity}, wasVisible=true
05-06 21:43:43.954  3659  3659 W unknown:BridgelessReact: ReactHost{0}.onHostResume(activity)
05-06 21:43:43.954  3659  3659 W unknown:BridgelessReact: ReactContext.onHostResume()
05-06 21:43:43.956   672   728 D OomAdjuster: Not killing cached processes
05-06 21:43:43.956   672   728 W IPCThreadState: Sending oneway calls to frozen process.
05-06 21:43:43.956   672   728 W IPCThreadState: Sending oneway calls to frozen process.
05-06 21:43:43.956   672   728 W IPCThreadState: Sending oneway calls to frozen process.
05-06 21:43:43.956   672   728 W IPCThreadState: Sending oneway calls to frozen process.
05-06 21:43:43.956   672   728 W IPCThreadState: Sending oneway calls to frozen process.
05-06 21:43:43.956   672   728 W IPCThreadState: Sending oneway calls to frozen process.
05-06 21:43:43.956   672   728 W IPCThreadState: Sending oneway calls to frozen process.
05-06 21:43:43.956   672   728 W IPCThreadState: Sending oneway calls to frozen process.
05-06 21:43:43.956   672   728 W IPCThreadState: Sending oneway calls to frozen process.
05-06 21:43:43.956   672   728 W IPCThreadState: Sending oneway calls to frozen process.
05-06 21:43:43.956   672   728 W IPCThreadState: Sending oneway calls to frozen process.
05-06 21:43:43.957   672   728 W IPCThreadState: Sending oneway calls to frozen process.
05-06 21:43:43.957   672   728 W IPCThreadState: Sending oneway calls to frozen process.
05-06 21:43:43.957   672   728 W IPCThreadState: Sending oneway calls to frozen process.
05-06 21:43:43.957   672   728 W IPCThreadState: Sending oneway calls to frozen process.
05-06 21:43:43.957   672   728 W IPCThreadState: Sending oneway calls to frozen process.
05-06 21:43:43.957   672   728 W IPCThreadState: Sending oneway calls to frozen process.
05-06 21:43:43.957   672   728 W IPCThreadState: Sending oneway calls to frozen process.
05-06 21:43:43.957   672   728 W IPCThreadState: Sending oneway calls to frozen process.
05-06 21:43:43.957   672   728 W IPCThreadState: Sending oneway calls to frozen process.
05-06 21:43:43.957   672   728 W IPCThreadState: Sending oneway calls to frozen process.
05-06 21:43:43.957   672   728 W IPCThreadState: Sending oneway calls to frozen process.
05-06 21:43:43.957   672   728 W IPCThreadState: Sending oneway calls to frozen process.
05-06 21:43:43.957   672   728 W IPCThreadState: Sending oneway calls to frozen process.
05-06 21:43:43.957   672   728 W IPCThreadState: Sending oneway calls to frozen process.
05-06 21:43:43.957   672   728 W IPCThreadState: Sending oneway calls to frozen process.
05-06 21:43:43.957   672   728 W IPCThreadState: Sending oneway calls to frozen process.
05-06 21:43:43.957   672   728 W IPCThreadState: Sending oneway calls to frozen process.
05-06 21:43:43.957   672   728 W IPCThreadState: Sending oneway calls to frozen process.
05-06 21:43:43.957   672   728 W IPCThreadState: Sending oneway calls to frozen process.
05-06 21:43:43.957   672   728 W IPCThreadState: Sending oneway calls to frozen process.
05-06 21:43:43.957   672   728 W IPCThreadState: Sending oneway calls to frozen process.
05-06 21:43:43.957   672   728 W IPCThreadState: Sending oneway calls to frozen process.
05-06 21:43:43.957   672   728 W IPCThreadState: Sending oneway calls to frozen process.
05-06 21:43:43.957   672   728 W IPCThreadState: Sending oneway calls to frozen process.
05-06 21:43:43.957   672   728 W IPCThreadState: Sending oneway calls to frozen process.
05-06 21:43:43.957   672   728 W IPCThreadState: Sending oneway calls to frozen process.
05-06 21:43:44.370  3659  3665 W System  : A resource failed to call Surface.release. 
05-06 21:43:44.370  3659  3665 W System  : A resource failed to call Surface.release. 
05-06 21:43:44.370  3659  3665 W System  : A resource failed to call Surface.release. 
05-06 21:43:44.370  3659  3665 W System  : A resource failed to call Surface.release. 
05-06 21:43:44.370  3659  3665 W System  : A resource failed to call Surface.release. 
05-06 21:43:44.371  3659  3665 W System  : A resource failed to call Surface.release. 
05-06 21:43:44.371  3659  3665 W System  : A resource failed to call Surface.release. 
05-06 21:43:44.371  3659  3665 W System  : A resource failed to call Surface.release. 
05-06 21:43:44.371  3659  3665 W System  : A resource failed to call Surface.release. 
05-06 21:43:44.371  3659  3665 W System  : A resource failed to call Surface.release. 
05-06 21:43:44.371  3659  3665 W System  : A resource failed to call Surface.release. 
05-06 21:43:44.371  3659  3665 W System  : A resource failed to call Surface.release. 
05-06 21:43:44.371  3659  3665 W System  : A resource failed to call Surface.release. 
05-06 21:43:44.371  3659  3665 W System  : A resource failed to call Surface.release. 
05-06 21:43:44.371  3659  3665 W System  : A resource failed to call Surface.release. 
05-06 21:43:44.371  3659  3665 W System  : A resource failed to call Surface.release. 
05-06 21:43:44.371  3659  3665 W System  : A resource failed to call Surface.release. 
05-06 21:43:44.371  3659  3665 W System  : A resource failed to call Surface.release. 
05-06 21:43:44.371  3659  3665 W System  : A resource failed to call Surface.release. 
05-06 21:43:44.371  3659  3665 W System  : A resource failed to call Surface.release. 
05-06 21:43:44.371  3659  3665 W System  : A resource failed to call Surface.release. 
05-06 21:43:44.371  3659  3665 W System  : A resource failed to call Surface.release. 
05-06 21:43:44.371  3659  3665 W System  : A resource failed to call Surface.release. 
05-06 21:43:44.371  3659  3665 W System  : A resource failed to call Surface.release. 
05-06 21:43:44.517  3659  3659 E Surface : freeAllBuffers: 1 buffers were freed while being dequeued!
05-06 21:43:44.610   672   846 D WifiClientModeImpl[7910:wlan0]: updateLinkLayerStatsRssiSpeedFrequencyCapabilities rssi=-50 TxLinkspeed=1 freq=2447 RxLinkSpeed=2
05-06 21:43:44.610   672   846 D WifiDataStall: tx tput in kbps: 11000
05-06 21:43:44.610   672   846 D WifiDataStall: rx tput in kbps: 11000
05-06 21:43:44.610   672   846 V WifiConfigManager: Updating scan detail cache freq=2447 BSSID=00:13:10:85:fe:01 RSSI=-50 for "AndroidWifi"NONE
05-06 21:43:44.610   672   846 D WifiThroughputPredictor:  utilization (LLS) 80 isBluetoothConnected: false final utilization: 80
05-06 21:43:44.610   672   846 D WifiThroughputPredictor:  BW: 0 RSSI: -50 Nss: 1 Mode: 1 symDur: 4000 snrDb 30 bitPerTone: 4500 rate: 54 throughput: 11
05-06 21:43:44.610   672   846 D WifiThroughputPredictor:  utilization (LLS) 80 isBluetoothConnected: false final utilization: 80
05-06 21:43:44.611   672   846 D WifiThroughputPredictor:  BW: 0 RSSI: -50 Nss: 1 Mode: 1 symDur: 4000 snrDb 30 bitPerTone: 4500 rate: 54 throughput: 11
05-06 21:43:44.611   672   846 D WifiThroughputPredictor:  utilization (LLS) 80 isBluetoothConnected: false final utilization: 80
05-06 21:43:44.611   672   846 D WifiThroughputPredictor:  BW: 0 RSSI: -50 Nss: 1 Mode: 1 symDur: 4000 snrDb 30 bitPerTone: 4500 rate: 54 throughput: 11
05-06 21:43:44.611   672   846 D WifiThroughputPredictor:  utilization (LLS) 80 isBluetoothConnected: false final utilization: 80
05-06 21:43:44.611   672   846 D WifiThroughputPredictor:  BW: 0 RSSI: -50 Nss: 1 Mode: 1 symDur: 4000 snrDb 30 bitPerTone: 4500 rate: 54 throughput: 11
05-06 21:43:44.613   672   846 D WifiScoreCard: BSSID update SIGNAL_POLL ID: 786848858 SSID: "AndroidWifi", BSSID: 00:13:10:85:fe:01, MAC: 02:15:b2:00:00:00, IP: /10.0.2.16, Security type: 0, Supplicant state: COMPLETED, Wi-Fi standard: legacy, RSSI: -50, Link speed: 1Mbps, Tx Link speed: 1Mbps, Max Supported Tx Link speed: 11Mbps, Rx Link speed: 2Mbps, Max Supported Rx Link speed: 11Mbps, Frequency: 2447MHz, Net ID: 0, Metered hint: false, score: 60, isUsable: true, CarrierMerged: false, SubscriptionId: -1, IsPrimary: 1, Trusted: true, Restricted: false, Ephemeral: false, OEM paid: false, OEM private: false, OSU AP: false, FQDN: <none>, Provider friendly name: <none>, Requesting package name: <none>"AndroidWifi"openMLO Information: , Is TID-To-Link negotiation supported by the AP: false, AP MLD Address: <none>, AP MLO Link Id: <none>, AP MLO Affiliated links: <none>, Vendor Data: <none>
05-06 21:43:44.613   672   846 D WifiScoreCard: txRate: 1 txSpeed: 1
05-06 21:43:44.613   672   846 D WifiScoreCard: network update SIGNAL_POLL "AndroidWifi" ID: 1628418683 RSSI -50 txSpeed -1
05-06 21:43:44.613   672   846 D WifiClientModeImpl[7910:wlan0]:  ClientModeImpl$L2ConnectedState screen=on 1 0 "AndroidWifi" 00:13:10:85:fe:01 rssi=-50 f=2447 sc=60 link=1 tx=0.0, 0.0, 0.0 rx=0.0 bcn=0 [on:0 tx:0 rx:0 period:3007] from screen [on:0 period:1764069] score=60
05-06 21:43:45.298  3659  3659 I Choreographer: Skipped 46 frames!  The application may be doing too much work on its main thread.
05-06 21:43:45.367  3659  3670 I HWUI    : Davey! duration=857ms; Flags=0, FrameTimelineVsyncId=27281, IntendedVsync=356853471378, Vsync=356853471378, InputEventId=0, HandleInputStart=356854590461, AnimationStart=356854591628, PerformTraversalsStart=356908314961, DrawStart=356909311419, FrameDeadline=356870138044, FrameStartTime=356854584336, FrameInterval=16666666, WorkloadTarget=16666666, SyncQueued=357624912336, SyncStart=357626070128, IssueDrawCommandsStart=357661144378, SwapBuffers=357688350378, FrameCompleted=357712603503, DequeueBufferDuration=5417, QueueBufferDuration=514917, GpuCompleted=357712603503, SwapBuffersCompleted=357704533086, DisplayPresentTime=0, CommandSubmissionCompleted=357688350378, 
05-06 21:43:45.387  3659  3692 I HWUI    : Davey! duration=814ms; Flags=0, FrameTimelineVsyncId=27288, IntendedVsync=356886804710, Vsync=357653471346, InputEventId=0, HandleInputStart=357662335086, AnimationStart=357662335628, PerformTraversalsStart=357667456670, DrawStart=357668463753, FrameDeadline=357736804676, FrameStartTime=357661915170, FrameInterval=16666666, WorkloadTarget=16666666, SyncQueued=357668773378, SyncStart=357704780378, IssueDrawCommandsStart=357705784211, SwapBuffers=357710399670, FrameCompleted=357737715586, DequeueBufferDuration=23877209, QueueBufferDuration=261292, GpuCompleted=357737715586, SwapBuffersCompleted=357736550753, DisplayPresentTime=0, CommandSubmissionCompleted=357710399670, 
05-06 21:43:47.133  3769  3769 W screencap: Thread Pool max thread count is 0. Cannot cache binder as linkToDeath cannot be implemented. serviceName: SurfaceFlingerAIDL
05-06 21:43:47.134  3769  3769 W BpBinder: Linking to death on android.gui.ISurfaceComposer but there are no threads (yet?) listening to incoming transactions. See ProcessState::startThreadPool and ProcessState::setThreadPoolMaxThreadCount. Generally you should setup the binder threadpool before other initialization steps.
05-06 21:43:47.135  3769  3769 W ProcessState: Extra binder thread started, but 0 threads requested. Do not use *startThreadPool when zero threads are requested.
05-06 21:43:47.152   519   807 E HwcComposer: getLuts failed Status(-8, EX_SERVICE_SPECIFIC): '8: '
05-06 21:43:47.152   519   807 E HWComposer: getLuts: getLuts failed for display 4619827259835644672: UNSUPPORTED (8)
--------- beginning of kernel
05-06 21:43:47.168   225   225 I servicemanager: Caller(pid=3769,uid=2000,sid=u:r:shell:s0) Found android.hardware.graphics.allocator.IAllocator/default in device VINTF manifest.
05-06 21:43:47.169   225   225 I servicemanager: Caller(pid=3769,uid=2000,sid=u:r:shell:s0) Found android.hardware.graphics.allocator.IAllocator/default in device VINTF manifest.
05-06 21:43:47.172   225   225 I servicemanager: Caller(pid=3769,uid=2000,sid=u:r:shell:s0) Found mapper/ranchu in device VINTF manifest.
