Timestamp               Ty Process[PID:TID]
2026-05-06 19:58:39.568 Df ChartKitShowcase[40301:937909] [com.apple.BoardServices:XPCErrors] [C:1] Alloc com.apple.frontboard.systemappservices
2026-05-06 19:58:39.568 Df ChartKitShowcase[40301:937908] [com.apple.xpc:connection] [0x102f06160] activating connection: mach=true listener=false peer=false name=com.apple.cfprefsd.daemon
2026-05-06 19:58:39.569 Df ChartKitShowcase[40301:937909] [com.apple.xpc:connection] [0x102f06270] activating connection: mach=false listener=false peer=false name=(anonymous)
2026-05-06 19:58:39.573 Df ChartKitShowcase[40301:937905] (libMobileGestalt.dylib) No persisted cache on this platform.
2026-05-06 19:58:39.575 A  ChartKitShowcase[40301:937908] (CoreFoundation) Loading Preferences From User Session CFPrefsD
2026-05-06 19:58:39.576 Df ChartKitShowcase[40301:937905] [com.apple.UIKit:Application] Deactivation reason added: 10; deactivation reasons: 0 -> 1024; animating application lifecycle event: 0
2026-05-06 19:58:39.576 Df ChartKitShowcase[40301:937905] [com.apple.runningboard:connection] Initializing connection
2026-05-06 19:58:39.576 Df ChartKitShowcase[40301:937905] [com.apple.runningboard:process] Removing all cached process handles
2026-05-06 19:58:39.576 Df ChartKitShowcase[40301:937909] [com.apple.runningboard:connection] Sending handshake request attempt #1 to server
2026-05-06 19:58:39.576 Df ChartKitShowcase[40301:937905] [com.apple.BoardServices:Injection] activating monitor for service com.apple.frontboard.open
2026-05-06 19:58:39.576 Df ChartKitShowcase[40301:937909] [com.apple.runningboard:connection] Creating connection to com.apple.runningboard
2026-05-06 19:58:39.576 Df ChartKitShowcase[40301:937909] [com.apple.xpc:connection] [0x102f06050] activating connection: mach=true listener=false peer=false name=com.apple.runningboard
2026-05-06 19:58:39.576 Df ChartKitShowcase[40301:937905] [com.apple.BoardServices:Injection] activating monitor for service com.apple.frontboard.workspace-service
2026-05-06 19:58:39.576 Df ChartKitShowcase[40301:937905] [com.apple.FrontBoard:Common] FBSWorkspace registering source: com.apple.frontboard.systemappservices
2026-05-06 19:58:39.577 A  ChartKitShowcase[40301:937908] (RunningBoardServices) didChangeInheritances
2026-05-06 19:58:39.577 Df ChartKitShowcase[40301:937909] [com.apple.runningboard:connection] Handshake succeeded
2026-05-06 19:58:39.577 Df ChartKitShowcase[40301:937907] [com.apple.UIKit:BackgroundTask] Creating new assertion because there is no existing background assertion.
2026-05-06 19:58:39.577 Df ChartKitShowcase[40301:937909] [com.apple.runningboard:connection] Identity resolved as app<io.chartkit.showcase((null))>
2026-05-06 19:58:39.577 Df ChartKitShowcase[40301:937907] [com.apple.UIKit:BackgroundTask] Creating new background assertion
2026-05-06 19:58:39.577 Df ChartKitShowcase[40301:937907] [com.apple.UIKit:BackgroundTask] Created new background assertion <BKSProcessAssertion: 0x6000021140a0>
2026-05-06 19:58:39.577 Df ChartKitShowcase[40301:937907] [com.apple.UIKit:BackgroundTask] Incrementing reference count for background assertion <BKSProcessAssertion: 0x6000021140a0>
2026-05-06 19:58:39.577 Df ChartKitShowcase[40301:937907] [com.apple.UIKit:BackgroundTask] Created background task <_UIBackgroundTaskInfo: 0x600001720480>: taskID = 1, taskName = Launch Background Task for Coalescing, creationTime = 525117 (elapsed = 0).
2026-05-06 19:58:39.577 Df ChartKitShowcase[40301:937907] [com.apple.FrontBoard:SceneExtension] Realizing settings extension _UIApplicationSceneKeyboardSettings on FBSSceneSettings
2026-05-06 19:58:39.579 Df ChartKitShowcase[40301:937907] [com.apple.FrontBoard:SceneExtension] Realizing settings extension <_UISceneOcclusionSettings> on FBSSceneSettings
2026-05-06 19:58:39.579 Df ChartKitShowcase[40301:937907] [com.apple.FrontBoard:SceneExtension] Realizing settings extension <_UISceneInterfaceProtectionSettings> on FBSSceneSettings
2026-05-06 19:58:39.579 Df ChartKitShowcase[40301:937907] [com.apple.FrontBoard:SceneExtension] Realizing settings extension _UISceneLayoutPreferencesHostSettingsExtension on FBSSceneSettings
2026-05-06 19:58:39.579 Df ChartKitShowcase[40301:937905] [com.apple.FrontBoard:Common] FBSWorkspace connected to endpoint : <BSServiceConnectionEndpoint: 0x600000212300; target: com.apple.frontboard.systemappservices; service: com.apple.frontboard.workspace-service>
2026-05-06 19:58:39.579 Df ChartKitShowcase[40301:937907] [com.apple.FrontBoard:SceneExtension] Realizing settings extension _UISceneSafeAreaSettingsExtension on FBSSceneSettings
2026-05-06 19:58:39.579 Df ChartKitShowcase[40301:937905] [com.apple.FrontBoard:Common] <FBSWorkspaceScenesClient:0x60000300c510 com.apple.frontboard.systemappservices> attempting immediate handshake from activate
2026-05-06 19:58:39.579 Df ChartKitShowcase[40301:937905] [com.apple.FrontBoard:Common] <FBSWorkspaceScenesClient:0x60000300c510 com.apple.frontboard.systemappservices> sent handshake
2026-05-06 19:58:39.579 Df ChartKitShowcase[40301:937907] [com.apple.FrontBoard:SceneExtension] Realizing settings extension _UISceneLayoutPreferenceClientSettingsExtension on FBSSceneClientSettings
2026-05-06 19:58:39.579 Df ChartKitShowcase[40301:937905] [com.apple.runningboard:general] Added observer for process assertions expiration warning: <_RBSExpirationWarningClient: 0x600000213900>
2026-05-06 19:58:39.579 Df ChartKitShowcase[40301:937907] [com.apple.FrontBoard:SceneExtension] Realizing settings extension <_UIHomeAffordanceHostSceneSettings> on FBSSceneSettings
2026-05-06 19:58:39.579 Df ChartKitShowcase[40301:937907] [com.apple.FrontBoard:SceneExtension] Realizing settings extension _UISystemShellSceneHostingEnvironmentSettings on FBSSceneSettings
2026-05-06 19:58:39.579 Df ChartKitShowcase[40301:937907] [com.apple.FrontBoard:SceneExtension] Realizing settings extension _UISceneRenderingEnvironmentSettings on FBSSceneSettings
2026-05-06 19:58:39.580 Df ChartKitShowcase[40301:937907] [com.apple.FrontBoard:SceneExtension] Realizing settings extension <_UISceneRenderingEnvironmentClientSettings> on FBSSceneClientSettings
2026-05-06 19:58:39.580 Df ChartKitShowcase[40301:937907] [com.apple.FrontBoard:SceneExtension] Realizing settings extension <_UISceneTransitioningHostSettings> on FBSSceneSettings
2026-05-06 19:58:39.580 Df ChartKitShowcase[40301:937907] [com.apple.FrontBoard:SceneExtension] Realizing settings extension <_UISceneFocusSystemSettings> on FBSSceneSettings
2026-05-06 19:58:39.580 Df ChartKitShowcase[40301:937907] [com.apple.FrontBoard:SceneExtension] Realizing settings extension <_UISceneMainMenuSettings> on FBSSceneSettings
2026-05-06 19:58:39.580 Df ChartKitShowcase[40301:937907] [com.apple.FrontBoard:SceneExtension] Realizing settings extension _UISceneOrientationSettingsExtension on FBSSceneSettings
2026-05-06 19:58:39.580 Df ChartKitShowcase[40301:937907] [com.apple.FrontBoard:SceneExtension] Realizing settings extension _UISceneOrientationClientSettingsExtension on FBSSceneClientSettings
2026-05-06 19:58:39.580 Df ChartKitShowcase[40301:937907] [com.apple.FrontBoard:SceneExtension] Realizing settings extension _UISceneWindowingControlClientSettings on FBSSceneClientSettings
2026-05-06 19:58:39.580 Df ChartKitShowcase[40301:937907] [com.apple.FrontBoard:SceneExtension] Realizing settings extension <_UISceneHostingContentSizePreferenceClientSettings> on FBSSceneClientSettings
2026-05-06 19:58:39.580 Df ChartKitShowcase[40301:937907] [com.apple.FrontBoard:SceneExtension] Realizing settings extension _UISceneHostingTraitCollectionPropagationSettings on FBSSceneSettings
2026-05-06 19:58:39.580 Df ChartKitShowcase[40301:937907] [com.apple.FrontBoard:SceneExtension] Realizing settings extension <_UISceneHostingSheetPresentationSettings> on FBSSceneSettings
2026-05-06 19:58:39.581 Df ChartKitShowcase[40301:937907] [com.apple.FrontBoard:SceneExtension] Realizing settings extension <_UISceneHostingSheetPresentationClientSettings> on FBSSceneClientSettings
2026-05-06 19:58:39.581 Df ChartKitShowcase[40301:937907] [com.apple.FrontBoard:SceneExtension] Realizing settings extension <_UISceneHostingEventDeferringSettings> on FBSSceneSettings
2026-05-06 19:58:39.581 Df ChartKitShowcase[40301:937907] [com.apple.FrontBoard:SceneExtension] Realizing settings extension <UIKit__UITypedKeyValueSceneSettings> on FBSSceneSettings
2026-05-06 19:58:39.581 Df ChartKitShowcase[40301:937907] [com.apple.FrontBoard:SceneExtension] Realizing settings extension <UIKit__UITypedKeyValueSceneSettings> on FBSSceneClientSettings
2026-05-06 19:58:39.581 Df ChartKitShowcase[40301:937907] [com.apple.FrontBoard:SceneExtension] Realizing settings extension <_UISceneHostingViewControllerPreferencePropagationClientSettings> on FBSSceneClientSettings
2026-05-06 19:58:39.581 Df ChartKitShowcase[40301:937907] [com.apple.FrontBoard:SceneExtension] Realizing settings extension <_UISceneZoomTransitionSettings> on FBSSceneSettings
2026-05-06 19:58:39.581 Df ChartKitShowcase[40301:937913] [com.apple.FrontBoard:SceneExtension] Realizing settings extension FBSSceneSettingsCore on FBSSceneSettings
2026-05-06 19:58:39.581 Df ChartKitShowcase[40301:937913] [com.apple.FrontBoard:SceneExtension] Realizing settings extension FBSSceneClientSettingsCore on FBSSceneClientSettings
2026-05-06 19:58:39.582 Df ChartKitShowcase[40301:937913] [com.apple.FrontBoard:SceneExtension] UIMutableApplicationSceneSettings setting counterpart class: UIApplicationSceneSettings
2026-05-06 19:58:39.582 Df ChartKitShowcase[40301:937913] [com.apple.FrontBoard:SceneExtension] UIMutableApplicationSceneClientSettings setting counterpart class: UIApplicationSceneClientSettings
2026-05-06 19:58:39.582 Df ChartKitShowcase[40301:937913] [com.apple.FrontBoard:SceneExtension] Realizing settings extension FBSSceneTransitionContextCore on FBSSceneTransitionContext
2026-05-06 19:58:39.584 Df ChartKitShowcase[40301:937905] [com.apple.UIKit:UIScreen] Evaluated capturing state as 0 on <UIScreen: 0x102e071c0> for initial
2026-05-06 19:58:39.584 Df ChartKitShowcase[40301:937905] [com.apple.UIKit:UIScreen] Evaluated capturing state as 0 on <UIScreen: 0x102e071c0> for CADisplay KVO
2026-05-06 19:58:39.585 Df ChartKitShowcase[40301:937905] [com.apple.Accessibility:AXSupportCommon] Read CategoryName: per-app = 1, category name = (null)
2026-05-06 19:58:39.585 Df ChartKitShowcase[40301:937905] [com.apple.Accessibility:AXSupportCommon] Read CategoryName: per-app = 0, category name = (null)
2026-05-06 19:58:40.226 A  ChartKitShowcase[40301:937907] (CoreFoundation) Updating Key-Value Observers Of Preferences
2026-05-06 19:58:40.233 Df ChartKitShowcase[40301:937905] [com.apple.dt.xctest:Default] Registering for test daemon availability notify post.
2026-05-06 19:58:40.233 Df ChartKitShowcase[40301:937905] [com.apple.dt.xctest:Default] notify_get_state check indicated test daemon not ready.
2026-05-06 19:58:40.233 Df ChartKitShowcase[40301:937905] [com.apple.dt.xctest:Default] notify_get_state check indicated test daemon not ready.
2026-05-06 19:58:40.233 Df ChartKitShowcase[40301:937905] [com.apple.dt.xctest:Default] notify_get_state check indicated test daemon not ready.
2026-05-06 19:58:40.239 Df ChartKitShowcase[40301:937905] [com.apple.UIKit:UpdateScheduler] Selected display: name=LCD (PurpleMain), id=1
2026-05-06 19:58:40.240 Df ChartKitShowcase[40301:937905] [com.apple.FrontBoard:SceneClient] [(FBSceneManager):sceneID:io.chartkit.showcase-default] Received action(s) in scene-create: UIOpenURLAction
2026-05-06 19:58:40.241 Df ChartKitShowcase[40301:937905] [com.apple.UIKit:BackgroundTask] Will add backgroundTask with taskName: Persistent SceneSession Map Update, expirationHandler: <__NSGlobalBlock__: 0x1e632d818>
2026-05-06 19:58:40.241 Df ChartKitShowcase[40301:937905] [com.apple.UIKit:BackgroundTask] Reusing background assertion <BKSProcessAssertion: 0x6000021140a0>
2026-05-06 19:58:40.241 Df ChartKitShowcase[40301:937905] [com.apple.UIKit:BackgroundTask] Incrementing reference count for background assertion <BKSProcessAssertion: 0x6000021140a0>
2026-05-06 19:58:40.241 Df ChartKitShowcase[40301:937905] [com.apple.UIKit:BackgroundTask] Created background task <_UIBackgroundTaskInfo: 0x600001701a40>: taskID = 2, taskName = Persistent SceneSession Map Update, creationTime = 525117 (elapsed = 0).
2026-05-06 19:58:40.241 Df ChartKitShowcase[40301:937905] [com.apple.UIKit:Application] Deactivation reason added: 5; deactivation reasons: 1024 -> 1056; animating application lifecycle event: 1
2026-05-06 19:58:40.241 Df ChartKitShowcase[40301:937905] [com.apple.UIKit:InterfaceStyle] Not push traits update to screen for new style 1, <UIWindowScene: 0x101d04280> (B904C529-BD84-4858-8C3C-69ED4F140338)
2026-05-06 19:58:40.241 Df ChartKitShowcase[40301:937905] [com.apple.UIKit:InterfaceStyle] Should send trait collection or coordinate space update, interface style 1 -> 1, <UIWindowScene: 0x101d04280> (B904C529-BD84-4858-8C3C-69ED4F140338)
2026-05-06 19:58:40.242 Df ChartKitShowcase[40301:937905] [com.apple.UIKit:InterfaceStyle] Not push traits update to screen for new style 1, <UIWindowScene: 0x101d04280> (B904C529-BD84-4858-8C3C-69ED4F140338)
2026-05-06 19:58:40.242 Df ChartKitShowcase[40301:937905] [com.apple.UIKit:HomeAffordanceObservation] Initializing: <_UIHomeAffordanceSceneNotifier: 0x600002904230>; with scene: <UIWindowScene: 0x101d04280>
2026-05-06 19:58:40.242 Df ChartKitShowcase[40301:937905] [com.apple.BacklightServices:scenes] 0x600000c03ab0 setDelegate:<0x600000c038a0 _UIBacklightEnvironment> hasDelegate:YES for environment:sceneID:io.chartkit.showcase-default
2026-05-06 19:58:40.242 Df ChartKitShowcase[40301:937905] [com.apple.UIKit:InterfaceStyle] Not push traits update to screen for new style 1, <UIWindowScene: 0x101d04280> (B904C529-BD84-4858-8C3C-69ED4F140338)
2026-05-06 19:58:40.242 Df ChartKitShowcase[40301:937905] [com.apple.UIKit:EventDeferring] [0x600002904700] Initialized with scene: <UIWindowScene: 0x101d04280>; behavior: <_UIEventDeferringBehavior_iOS: 0x6000002501e0>; availableForProcess: 1, systemShellManagesKeyboardFocus: 1
2026-05-06 19:58:40.242 Df ChartKitShowcase[40301:937905] [com.apple.BoardServices:XPCErrors] [C:2] Alloc com.apple.backboard.hid-services.xpc
2026-05-06 19:58:40.242 Df ChartKitShowcase[40301:937905] [com.apple.xpc:connection] [0x102f0bdc0] activating connection: mach=false listener=false peer=false name=(anonymous)
2026-05-06 19:58:40.243 Df ChartKitShowcase[40301:937915] [com.apple.BackBoard:EventDelivery] BKSHIDEventObserver - connection activation
2026-05-06 19:58:40.243 Df ChartKitShowcase[40301:937905] [com.apple.BackBoard:EventDelivery] policyStatus:<BKSHIDEventDeliveryPolicyObserver: 0x600002600cc0; process scope; status: target> was:none
2026-05-06 19:58:40.243 Df ChartKitShowcase[40301:937905] [com.apple.UIKit:KeyWindow] Setting default evaluation strategy for UIUserInterfaceIdiomPhone to LastOneWins
2026-05-06 19:58:40.243 Df ChartKitShowcase[40301:937905] [com.apple.UIKit:KeyWindow] Scene target of keyboard event deferring environment did change: 1; scene: UIWindowScene: 0x101d04280; scene identity: com.apple.frontboard.systemappservices/FBSceneManager:sceneID%3Aio.chartkit.showcase-default
2026-05-06 19:58:40.243 Df ChartKitShowcase[40301:937905] [com.apple.UIKit:EventDeferring] [0x600002904700] Scene target of event deferring environments did update: scene: 0x101d04280; current systemShellManagesKeyboardFocus: 1; systemShellManagesKeyboardFocusForScene: 1; eligibleForRecordRemoval: 1;
2026-05-06 19:58:40.243 Df ChartKitShowcase[40301:937905] [com.apple.UIKit:KeyWindow] Scene became target of keyboard event deferring environment: UIWindowScene: 0x101d04280; scene identity: com.apple.frontboard.systemappservices/FBSceneManager:sceneID%3Aio.chartkit.showcase-default
2026-05-06 19:58:40.243 Df ChartKitShowcase[40301:937905] [com.apple.UIKit:KeyWindow] Stack[KeyWindow] 0x600000c40390: Taking no further action for migration from LastOneWins -> SystemShellManaged as there are no scenes
2026-05-06 19:58:40.243 Df ChartKitShowcase[40301:937905] [com.apple.UIKit:KeyWindow] Setting default evaluation strategy for UIUserInterfaceIdiomPhone to SystemShellManaged
2026-05-06 19:58:40.243 Df ChartKitShowcase[40301:937905] [com.apple.UIKit:KeyWindow] Key window needs update: 0; currentKeyWindowScene: 0x0; evaluatedKeyWindowScene: 0x101d04280; currentApplicationKeyWindow: 0x0; evaluatedApplicationKeyWindow: 0x0; reason: UIWindowScene: 0x101d04280: Window scene became target of keyboard environment
2026-05-06 19:58:40.243 Df ChartKitShowcase[40301:937905] [com.apple.UIKit:InterfaceStyle] Not push traits update to screen for new style 1, <UIWindowScene: 0x101d04280> (B904C529-BD84-4858-8C3C-69ED4F140338)
2026-05-06 19:58:40.243 Df ChartKitShowcase[40301:937905] [com.apple.UIKit:InterfaceStyle] Not push traits update to screen for new style 1, <UIWindowScene: 0x101d04280> (B904C529-BD84-4858-8C3C-69ED4F140338)
2026-05-06 19:58:40.244 F  ChartKitShowcase[40301:937905] [com.apple.runtime-issues:UIKit App Config] `UIScene` lifecycle will soon be required. Failure to adopt will result in an assert in the future.
2026-05-06 19:58:40.244 A  ChartKitShowcase[40301:937905] (libsystem_trace.dylib) Activity for state dumps
2026-05-06 19:58:40.244 Df ChartKitShowcase[40301:937905] [com.apple.UIKit:InterfaceStyle] Not push traits update to screen for new style 1, <UIWindowScene: 0x101d04280> (B904C529-BD84-4858-8C3C-69ED4F140338)
2026-05-06 19:58:40.244 Df ChartKitShowcase[40301:937905] [com.apple.UIKit:AppLifecycle] sceneOfRecord: sceneID: sceneID:io.chartkit.showcase-default  persistentID: B904C529-BD84-4858-8C3C-69ED4F140338
2026-05-06 19:58:40.244 Df ChartKitShowcase[40301:937905] [com.apple.UIKit:Application] Ignoring already applied deactivation reason: 5; deactivation reasons: 1056
2026-05-06 19:58:40.244 Df ChartKitShowcase[40301:937905] [com.apple.UIKit:Application] Deactivation reason added: 11; deactivation reasons: 1056 -> 3104; animating application lifecycle event: 1
2026-05-06 19:58:40.244 Df ChartKitShowcase[40301:937905] [com.apple.KeyboardArbiter:Client] startConnection
2026-05-06 19:58:40.245 Df ChartKitShowcase[40301:937905] [com.apple.xpc:connection] [0x102f0df00] activating connection: mach=true listener=false peer=false name=com.apple.UIKit.KeyboardManagement.hosted
2026-05-06 19:58:40.272 Df ChartKitShowcase[40301:937905] (UIKitCore) You've implemented -[<UIApplicationDelegate> application:performFetchWithCompletionHandler:], but you still need to add "fetch" to the list of your supported UIBackgroundModes in your Info.plist.
2026-05-06 19:58:40.272 Df ChartKitShowcase[40301:937905] (UIKitCore) You've implemented -[<UIApplicationDelegate> application:didReceiveRemoteNotification:fetchCompletionHandler:], but you still need to add "remote-notification" to the list of your supported UIBackgroundModes in your Info.plist.
2026-05-06 19:58:40.273 Df ChartKitShowcase[40301:937905] (React) _setUpFeatureFlags called with release level 2
2026-05-06 19:58:40.280 Df ChartKitShowcase[40301:937905] [com.apple.network:] networkd_settings_read_from_file initialized networkd settings by reading plist directly
2026-05-06 19:58:40.280 Df ChartKitShowcase[40301:937905] [com.apple.network:] networkd_settings_read_from_file initialized networkd settings by reading plist directly
2026-05-06 19:58:40.297 Df ChartKitShowcase[40301:937905] [com.apple.UIKit:Orientation] <UIWindowScene: 0x101d04280> (B904C529-BD84-4858-8C3C-69ED4F140338) Scene updated orientation preferences: none -> ( Pu )
2026-05-06 19:58:40.297 Df ChartKitShowcase[40301:937905] [com.apple.UIKit:KeyWindow] Key window API is scene-level: YES
2026-05-06 19:58:40.297 Df ChartKitShowcase[40301:937905] [com.apple.UIKit:KeyWindow] UIWindowScene: 0x101d04280: Window became key in scene: UIWindow: 0x102e078c0; contextId: 0x85D9A50E: reason: UIWindowScene: 0x101d04280: Window requested to become key in scene: 0x102e078c0
2026-05-06 19:58:40.297 Df ChartKitShowcase[40301:937905] [com.apple.UIKit:KeyWindow] Key window needs update: 1; currentKeyWindowScene: 0x0; evaluatedKeyWindowScene: 0x101d04280; currentApplicationKeyWindow: 0x0; evaluatedApplicationKeyWindow: 0x102e078c0; reason: UIWindowScene: 0x101d04280: Window requested to become key in scene: 0x102e078c0
2026-05-06 19:58:40.297 Df ChartKitShowcase[40301:937905] [com.apple.UIKit:KeyWindow] Window did become application key: UIWindow: 0x102e078c0; contextId: 0x85D9A50E; scene identity: com.apple.frontboard.systemappservices/FBSceneManager:sceneID%3Aio.chartkit.showcase-default
2026-05-06 19:58:40.297 Df ChartKitShowcase[40301:937905] [com.apple.UIKit:EventDeferring] [0x600002904700] Begin local event deferring requested for token: 0x6000026051a0; environments: 1; reason: UIWindowScene: 0x101d04280: Begin event deferring in keyboardFocus for window: 0x102e078c0
2026-05-06 19:58:40.297 Df ChartKitShowcase[40301:937916] [com.apple.BackBoard:EventDelivery] BKSHIDEventDeliveryManager - connection activation
2026-05-06 19:58:40.298 Df ChartKitShowcase[40301:937916] [com.apple.BackBoard:EventDelivery] policyStatus:<BKSHIDEventDeliveryPolicyObserver: 0x600002600cc0; token: com.apple.frontboard.systemappservices/FBSceneManager:sceneID%3Aio.chartkit.showcase-default; status: ancestor> was:target
2026-05-06 19:58:40.299 Df ChartKitShowcase[40301:937905] [com.apple.UIKit:Application] Deactivation reason removed: 10; deactivation reasons: 3104 -> 2080; animating application lifecycle event: 1
2026-05-06 19:58:40.299 Df ChartKitShowcase[40301:937905] [com.apple.UIKit:Application] Deactivation reason added: 12; deactivation reasons: 2080 -> 6176; animating application lifecycle event: 1
2026-05-06 19:58:40.299 Df ChartKitShowcase[40301:937905] [com.apple.UIKit:Application] Deactivation reason removed: 11; deactivation reasons: 6176 -> 4128; animating application lifecycle event: 1
2026-05-06 19:58:40.299 Df ChartKitShowcase[40301:937905] [com.apple.FrontBoard:SceneExtension] Realizing settings extension <_UISceneIntelligenceSupportSettings> on FBSSceneSettings
2026-05-06 19:58:40.299 Df ChartKitShowcase[40301:937907] [com.apple.UIIntelligenceSupport:xpc] establishing connection to agent
2026-05-06 19:58:40.299 Df ChartKitShowcase[40301:937907] [com.apple.xpc:session] [0x600002111a90] Session created.
2026-05-06 19:58:40.299 Df ChartKitShowcase[40301:937907] [com.apple.xpc:session] [0x600002111a90] Session created from connection [0x101d04480]
2026-05-06 19:58:40.299 Df ChartKitShowcase[40301:937907] [com.apple.xpc:connection] [0x101d04480] activating connection: mach=true listener=false peer=false name=com.apple.uiintelligencesupport.agent
2026-05-06 19:58:40.299 Df ChartKitShowcase[40301:937905] [com.apple.UIKit:InterfaceStyle] Not push traits update to screen for new style 1, <UIWindowScene: 0x101d04280> (B904C529-BD84-4858-8C3C-69ED4F140338)
2026-05-06 19:58:40.299 Df ChartKitShowcase[40301:937907] [com.apple.xpc:session] [0x600002111a90] Session activated
2026-05-06 19:58:40.302 A  ChartKitShowcase[40301:937907] (RunningBoardServices) didChangeInheritances
2026-05-06 19:58:40.303 A  ChartKitShowcase[40301:937916] (RunningBoardServices) didChangeInheritances
2026-05-06 19:58:40.304 Df ChartKitShowcase[40301:937905] [com.apple.xpc:connection] [0x103e3e000] activating connection: mach=true listener=false peer=false name=com.apple.lsd.mapdb
2026-05-06 19:58:40.313 Df ChartKitShowcase[40301:937905] [com.apple.network:activity] Create activity from XPC object <nw_activity 50:1 [F0466B74-D342-4B7A-ABA4-FBF411EE978B] (reporting strategy default)>
2026-05-06 19:58:40.313 Df ChartKitShowcase[40301:937905] [com.apple.network:activity] Create activity from XPC object <nw_activity 50:2 [D95B4F6B-5579-49F7-B5A4-D30A69967690] (reporting strategy default)>
2026-05-06 19:58:40.313 Df ChartKitShowcase[40301:937905] [com.apple.network:activity] Set activity <nw_activity 50:1 [F0466B74-D342-4B7A-ABA4-FBF411EE978B] (reporting strategy default)> as the global parent
2026-05-06 19:58:40.313 Df ChartKitShowcase[40301:937905] [com.apple.UIKit:BackgroundTask] Ending background task with UIBackgroundTaskIdentifier: 1
2026-05-06 19:58:40.313 Df ChartKitShowcase[40301:937905] [com.apple.UIKit:BackgroundTask] Ending task with identifier 1 and description: <_UIBackgroundTaskInfo: 0x600001720480>: taskID = 1, taskName = Launch Background Task for Coalescing, creationTime = 525117 (elapsed = 0), _expireHandler: (null)
2026-05-06 19:58:40.313 Df ChartKitShowcase[40301:937905] [com.apple.UIKit:BackgroundTask] Decrementing reference count for assertion <BKSProcessAssertion: 0x6000021140a0> (used by background task with identifier 1: <_UIBackgroundTaskInfo: 0x600001720480>: taskID = 1, taskName = Launch Background Task for Coalescing, creationTime = 525117 (elapsed = 0))
2026-05-06 19:58:40.313 Df ChartKitShowcase[40301:937905] [com.apple.UIKit:EventBus] Event Timing Profile for Touch: not found, path="/System/Library/EventTimingProfiles/Sim.Touch.plist"
2026-05-06 19:58:40.313 Df ChartKitShowcase[40301:937905] [com.apple.UIKit:EventBus] Event Timing Profile for Pencil: not found, path="/System/Library/EventTimingProfiles/Sim.Pencil.plist"
2026-05-06 19:58:40.314 Df ChartKitShowcase[40301:937905] [com.apple.UIKit:UpdateScheduler] Target list changed: <CADisplay:LCD PurpleMain>
2026-05-06 19:58:40.314 Df ChartKitShowcase[40301:937905] [com.apple.UIKit:AppLifecycle] sceneOfRecord: sceneID: sceneID:io.chartkit.showcase-default  persistentID: B904C529-BD84-4858-8C3C-69ED4F140338
2026-05-06 19:58:40.314 Df ChartKitShowcase[40301:937905] [com.apple.UIKit:InterfaceStyle] Not push traits update to screen for new style 1, <UIWindowScene: 0x101d04280> (B904C529-BD84-4858-8C3C-69ED4F140338)
2026-05-06 19:58:40.319 Df ChartKitShowcase[40301:937905] [com.apple.Accessibility:AXCommon] Smart invert app status cached: (null)
2026-05-06 19:58:40.350 Sd ChartKitShowcase[40301:0] (FF2599B1-BA1F-3978-AAEA-946CC6F33BE1) IOHIDManager State
{
    DispatchQueue = 0;
    RunLoop = 1;
    createOptions = 0;
    isOpen = 0;
    openOptions = 0;
}
2026-05-06 19:58:40.352 Df ChartKitShowcase[40301:937905] [com.apple.UIKit:EventDeferring] [0x600002904700] Scene target of event deferring environments did update: scene: 0x101d04280; current systemShellManagesKeyboardFocus: 1; systemShellManagesKeyboardFocusForScene: 1; eligibleForRecordRemoval: 1;
2026-05-06 19:58:40.352 Df ChartKitShowcase[40301:937905] [com.apple.UIKit:KeyWindow] Scene became target of keyboard event deferring environment: UIWindowScene: 0x101d04280; scene identity: com.apple.frontboard.systemappservices/FBSceneManager:sceneID%3Aio.chartkit.showcase-default
2026-05-06 19:58:40.352 Df ChartKitShowcase[40301:937905] [com.apple.FrontBoard:SceneExtension] Realizing settings extension SBUISecureRenderingSettingsExtension on FBSSceneSettings
2026-05-06 19:58:40.352 Df ChartKitShowcase[40301:937905] [com.apple.UIKit:InterfaceStyle] Not push traits update to screen for new style 1, <UIWindowScene: 0x101d04280> (B904C529-BD84-4858-8C3C-69ED4F140338)
2026-05-06 19:58:40.353 Df ChartKitShowcase[40301:937905] [com.apple.UIKit:InterfaceStyle] Not push traits update to screen for new style 1, <UIWindowScene: 0x101d04280> (B904C529-BD84-4858-8C3C-69ED4F140338)
2026-05-06 19:58:40.353 Df ChartKitShowcase[40301:937905] [com.apple.UIKit:AppLifecycle] sceneOfRecord: sceneID: sceneID:io.chartkit.showcase-default  persistentID: B904C529-BD84-4858-8C3C-69ED4F140338
2026-05-06 19:58:40.353 Df ChartKitShowcase[40301:937905] [com.apple.UIKit:Application] Deactivation reason removed: 12; deactivation reasons: 4128 -> 32; animating application lifecycle event: 1
2026-05-06 19:58:40.353 Df ChartKitShowcase[40301:937905] [com.apple.KeyboardArbiter:Client] Send setDeactivating: N (-DeactivationReason:SuspendedEventsOnly)
2026-05-06 19:58:40.353 Df ChartKitShowcase[40301:937905] [com.apple.UIKit:Application] Deactivation reason removed: 5; deactivation reasons: 32 -> 0; animating application lifecycle event: 0
2026-05-06 19:58:40.354 Df ChartKitShowcase[40301:937905] [com.apple.KeyboardArbiter:Client] startConnection
2026-05-06 19:58:40.354 Df ChartKitShowcase[40301:937905] [com.apple.KeyboardArbiter:Client] handleKeyboardChange: set currentKeyboard:N (wasKeyboard:N)
2026-05-06 19:58:40.355 Df ChartKitShowcase[40301:937905] [com.apple.UIKit:KeyboardSceneDelegate] forceReloadInputViews
2026-05-06 19:58:40.355 Df ChartKitShowcase[40301:937905] [com.apple.UIKit:KeyboardSceneDelegate] Reloading input views for key-window scene responder: <(null): 0x0; > force:Y
2026-05-06 19:58:40.358 Df ChartKitShowcase[40301:937905] [com.apple.UIKit:KeyboardArbiterClientLog] isWritingToolsHandlingKeyboardTracking:Y (WT ready:Y, Arbiter ready:Y)
2026-05-06 19:58:40.412 A  ChartKitShowcase[40301:937911] (RunningBoardServices) didChangeInheritances
2026-05-06 19:58:40.474 Df ChartKitShowcase[40301:937911] [com.apple.xpc:connection] [0x103f13e60] activating connection: mach=true listener=false peer=false name=com.apple.fontservicesd
2026-05-06 19:58:40.515 Df ChartKitShowcase[40301:937905] [com.apple.network:activity] <nw_activity 50:1 [F0466B74-D342-4B7A-ABA4-FBF411EE978B] (global parent) (reporting strategy default) complete (reason success)> complete with reason 2 (success), duration 1210ms
2026-05-06 19:58:40.516 Df ChartKitShowcase[40301:937905] [com.apple.network:activity] <nw_activity 50:2 [D95B4F6B-5579-49F7-B5A4-D30A69967690] (reporting strategy default) complete (reason success)> complete with reason 2 (success), duration 1210ms
2026-05-06 19:58:40.516 Df ChartKitShowcase[40301:937905] [com.apple.network:activity] Unsetting the global parent activity <nw_activity 50:1 [F0466B74-D342-4B7A-ABA4-FBF411EE978B] (global parent) (reporting strategy default) complete (reason success)>
2026-05-06 19:58:40.516 Df ChartKitShowcase[40301:937905] [com.apple.network:activity] Unset the global parent activity
2026-05-06 19:58:40.624 Df ChartKitShowcase[40301:937905] [com.apple.xpc:connection] [0x102f40c50] activating connection: mach=true listener=false peer=false name=com.apple.metal.simulator
2026-05-06 19:58:40.628 Df ChartKitShowcase[40301:937905] [com.apple.xpc:connection] [0x103f795e0] activating connection: mach=true listener=false peer=false name=com.apple.metal.simulator
2026-05-06 19:58:40.628 Df ChartKitShowcase[40301:937905] [com.apple.xpc:connection] [0x103f79710] activating connection: mach=true listener=false peer=false name=com.apple.metal.simulator
2026-05-06 19:58:40.691 Df ChartKitShowcase[40301:937905] [com.apple.xpc:connection] [0x103eaee70] activating connection: mach=true listener=false peer=false name=com.apple.IOSurface.Remote
2026-05-06 19:58:40.738 A  ChartKitShowcase[40301:937915] (RunningBoardServices) didChangeInheritances
2026-05-06 19:58:40.755 Df ChartKitShowcase[40301:937907] [com.apple.UIKit:BackgroundTask] Ending background task with UIBackgroundTaskIdentifier: 2
2026-05-06 19:58:40.755 Df ChartKitShowcase[40301:937907] [com.apple.UIKit:BackgroundTask] Ending task with identifier 2 and description: <_UIBackgroundTaskInfo: 0x600001701a40>: taskID = 2, taskName = Persistent SceneSession Map Update, creationTime = 525117 (elapsed = 1), _expireHandler: <__NSGlobalBlock__: 0x1e632d818>
2026-05-06 19:58:40.755 Df ChartKitShowcase[40301:937907] [com.apple.UIKit:BackgroundTask] Decrementing reference count for assertion <BKSProcessAssertion: 0x6000021140a0> (used by background task with identifier 2: <_UIBackgroundTaskInfo: 0x600001701a40>: taskID = 2, taskName = Persistent SceneSession Map Update, creationTime = 525117 (elapsed = 1))
2026-05-06 19:58:40.755 Df ChartKitShowcase[40301:937907] [com.apple.UIKit:BackgroundTask] Will invalidate assertion: <BKSProcessAssertion: 0x6000021140a0> for task identifier: 2
2026-05-06 19:58:40.775 E  ChartKitShowcase[40301:937905] (libCoreFSCache.dylib) fopen failed for data file: errno = 2 (No such file or directory)
2026-05-06 19:58:40.775 E  ChartKitShowcase[40301:937905] (libCoreFSCache.dylib) Errors found! Invalidating cache...
2026-05-06 19:58:40.776 Df ChartKitShowcase[40301:937905] [com.apple.xpc:connection] [0x102e0da00] activating connection: mach=false listener=false peer=false name=com.apple.MTLCompilerService
2026-05-06 19:58:41.066 Df ChartKitShowcase[40301:937905] [com.apple.xpc:connection] [0x102eaed80] activating connection: mach=false listener=false peer=false name=com.apple.MTLCompilerService
2026-05-06 19:58:41.066 A  ChartKitShowcase[40301:937907] (Metal) Metal Compiling Shader
2026-05-06 19:58:41.596 A  ChartKitShowcase[40301:937907] (Metal) Metal Compiling Shader
2026-05-06 19:58:41.604 E  ChartKitShowcase[40301:937905] (libCoreFSCache.dylib) fopen failed for data file: errno = 2 (No such file or directory)
2026-05-06 19:58:41.604 E  ChartKitShowcase[40301:937905] (libCoreFSCache.dylib) Errors found! Invalidating cache...
2026-05-06 19:58:41.604 A  ChartKitShowcase[40301:937911] (Metal) Metal Compiling Shader
2026-05-06 19:58:41.612 A  ChartKitShowcase[40301:937911] (Metal) Metal Compiling Shader
2026-05-06 19:58:41.635 A  ChartKitShowcase[40301:937911] (Metal) Metal Compiling Shader
2026-05-06 19:58:41.642 A  ChartKitShowcase[40301:937907] (Metal) Metal Compiling Shader
2026-05-06 19:58:41.655 A  ChartKitShowcase[40301:937911] (Metal) Metal Compiling Shader
2026-05-06 19:58:41.656 A  ChartKitShowcase[40301:937911] (Metal) Metal Compiling Shader
2026-05-06 19:58:41.665 A  ChartKitShowcase[40301:937911] (Metal) Metal Compiling Shader
2026-05-06 19:58:41.680 A  ChartKitShowcase[40301:937907] (Metal) Metal Compiling Shader
2026-05-06 19:58:41.691 A  ChartKitShowcase[40301:937911] (Metal) Metal Compiling Shader
2026-05-06 19:58:41.692 A  ChartKitShowcase[40301:937911] (Metal) Metal Compiling Shader
2026-05-06 19:58:41.702 A  ChartKitShowcase[40301:937911] (Metal) Metal Compiling Shader
2026-05-06 19:58:41.718 A  ChartKitShowcase[40301:937907] (Metal) Metal Compiling Shader
2026-05-06 19:58:41.735 A  ChartKitShowcase[40301:937911] (Metal) Metal Compiling Shader
2026-05-06 19:58:41.735 A  ChartKitShowcase[40301:937911] (Metal) Metal Compiling Shader
2026-05-06 19:58:41.750 A  ChartKitShowcase[40301:937911] (Metal) Metal Compiling Shader
2026-05-06 19:58:41.757 A  ChartKitShowcase[40301:937907] (Metal) Metal Compiling Shader
2026-05-06 19:58:41.763 A  ChartKitShowcase[40301:937911] (Metal) Metal Compiling Shader
2026-05-06 19:58:41.764 A  ChartKitShowcase[40301:937911] (Metal) Metal Compiling Shader
2026-05-06 19:58:41.775 A  ChartKitShowcase[40301:937907] (Metal) Metal Compiling Shader
2026-05-06 19:58:41.782 A  ChartKitShowcase[40301:937916] (Metal) Metal Compiling Shader
2026-05-06 19:58:41.787 A  ChartKitShowcase[40301:937916] (Metal) Metal Compiling Shader
2026-05-06 19:58:41.793 A  ChartKitShowcase[40301:937916] (Metal) Metal Compiling Shader
2026-05-06 19:58:41.798 A  ChartKitShowcase[40301:937907] (Metal) Metal Compiling Shader
2026-05-06 19:58:41.799 A  ChartKitShowcase[40301:937907] (Metal) Metal Compiling Shader
2026-05-06 19:58:41.815 A  ChartKitShowcase[40301:937907] (Metal) Metal Compiling Shader
2026-05-06 19:58:41.822 A  ChartKitShowcase[40301:937916] (Metal) Metal Compiling Shader
2026-05-06 19:58:41.836 A  ChartKitShowcase[40301:937907] (Metal) Metal Compiling Shader
2026-05-06 19:58:41.837 A  ChartKitShowcase[40301:937907] (Metal) Metal Compiling Shader
2026-05-06 19:58:41.853 A  ChartKitShowcase[40301:937916] (Metal) Metal Compiling Shader
2026-05-06 19:58:41.859 A  ChartKitShowcase[40301:937916] (Metal) Metal Compiling Shader
2026-05-06 19:58:41.865 A  ChartKitShowcase[40301:937916] (Metal) Metal Compiling Shader
2026-05-06 19:58:41.866 A  ChartKitShowcase[40301:937916] (Metal) Metal Compiling Shader
2026-05-06 19:58:41.877 A  ChartKitShowcase[40301:937916] (Metal) Metal Compiling Shader
2026-05-06 19:58:41.884 A  ChartKitShowcase[40301:937907] (Metal) Metal Compiling Shader
2026-05-06 19:58:41.895 A  ChartKitShowcase[40301:937907] (Metal) Metal Compiling Shader
2026-05-06 19:58:41.901 A  ChartKitShowcase[40301:937916] (Metal) Metal Compiling Shader
2026-05-06 19:58:41.908 A  ChartKitShowcase[40301:937907] (Metal) Metal Compiling Shader
2026-05-06 19:58:41.909 A  ChartKitShowcase[40301:937907] (Metal) Metal Compiling Shader
2026-05-06 19:58:41.920 A  ChartKitShowcase[40301:937907] (Metal) Metal Compiling Shader
2026-05-06 19:58:41.927 A  ChartKitShowcase[40301:937916] (Metal) Metal Compiling Shader
2026-05-06 19:58:41.944 A  ChartKitShowcase[40301:937916] (Metal) Metal Compiling Shader
2026-05-06 19:58:41.960 A  ChartKitShowcase[40301:937916] (Metal) Metal Compiling Shader
2026-05-06 19:58:41.978 A  ChartKitShowcase[40301:937916] (Metal) Metal Compiling Shader
2026-05-06 19:58:41.979 A  ChartKitShowcase[40301:937916] (Metal) Metal Compiling Shader
2026-05-06 19:58:42.054 Df ChartKitShowcase[40301:937905] [com.apple.BackBoard:Display] [FBSDisplaySource 1-1] silently connecting raw configuration: <FBSDisplayConfiguration: 0x600003d24b40; Main; mode: "402x874@3x 60Hz p3 SDR">
2026-05-06 19:58:54.217 Df ChartKitShowcase[40301:937905] [com.apple.FrontBoard:SceneClient] [(FBSceneManager):sceneID:io.chartkit.showcase-default] Received action(s) in scene-update: UIOpenURLAction
2026-05-06 19:58:54.217 Df ChartKitShowcase[40301:937905] [com.apple.UIKit:AppLifecycle] sceneOfRecord: sceneID: sceneID:io.chartkit.showcase-default  persistentID: B904C529-BD84-4858-8C3C-69ED4F140338
2026-05-06 19:59:27.581 Df ChartKitShowcase[40301:937905] [com.apple.FrontBoard:SceneClient] [(FBSceneManager):sceneID:io.chartkit.showcase-default] Received action(s) in scene-update: UIOpenURLAction
2026-05-06 19:59:27.581 Df ChartKitShowcase[40301:937905] [com.apple.UIKit:AppLifecycle] sceneOfRecord: sceneID: sceneID:io.chartkit.showcase-default  persistentID: B904C529-BD84-4858-8C3C-69ED4F140338
