# RN CLI Native Check Log
Date: 2026-05-06T20:18:07.454Z
Repo: /Users/berman/Documents/react-native-chart-kit
$ cd . && npm run build

> react-native-chart-kit@7.0.0-next.0 build
> npm run clean && npm run core:build && npm run svg:build && npm run skia:build && npm run pro:build && npm run rn:build && tsc


> react-native-chart-kit@7.0.0-next.0 clean
> node scripts/clean-dist.mjs


> react-native-chart-kit@7.0.0-next.0 core:build
> tsc -p packages/core/tsconfig.json


> react-native-chart-kit@7.0.0-next.0 svg:build
> tsc -p packages/svg-renderer/tsconfig.json


> react-native-chart-kit@7.0.0-next.0 skia:build
> tsc -p packages/skia-renderer/tsconfig.json


> react-native-chart-kit@7.0.0-next.0 pro:build
> tsc -p packages/pro/tsconfig.json


> react-native-chart-kit@7.0.0-next.0 rn:build
> tsc -p packages/react-native/tsconfig.build.json

$ cd . && /Users/berman/Documents/react-native-chart-kit/node_modules/.bin/rnc-cli init ChartKitRnCliNative --directory /var/folders/7s/fkbc25vs3q57wq6k8ttdvxmh0000gn/T/chartkit-rn-cli-native-check --version 0.83.9 --pm npm --skip-install --install-pods false --skip-git-init --replace-directory true --package-name io.chartkit.rnclibasic --title "Chart Kit RN CLI Basic"
                                                          
               ######                ######               
             ###     ####        ####     ###             
            ##          ###    ###          ##            
            ##             ####             ##            
            ##             ####             ##            
            ##           ##    ##           ##            
            ##         ###      ###         ##            
             ##  ########################  ##             
          ######    ###            ###    ######          
      ###     ##    ##              ##    ##     ###      
   ###         ## ###      ####      ### ##         ###   
  ##           ####      ########      ####           ##  
 ##             ###     ##########     ###             ## 
  ##           ####      ########      ####           ##  
   ###         ## ###      ####      ### ##         ###   
      ###     ##    ##              ##    ##     ###      
          ######    ###            ###    ######          
             ##  ########################  ##             
            ##         ###      ###         ##            
            ##           ##    ##           ##            
            ##             ####             ##            
            ##             ####             ##            
            ##          ###    ###          ##            
             ###     ####        ####     ###             
               ######                ######               
                                                          

              Welcome to React Native 0.83.9!                
                 Learn once, write anywhere               


  
  Run instructions for Android:
    • Have an Android emulator running (quickest way to get started), or a device connected.
    • cd "/var/folders/7s/fkbc25vs3q57wq6k8ttdvxmh0000gn/T/chartkit-rn-cli-native-check" && npx react-native run-android
  
  Run instructions for iOS:
    • cd "/var/folders/7s/fkbc25vs3q57wq6k8ttdvxmh0000gn/T/chartkit-rn-cli-native-check/ios"
    
    • Install Cocoapods
      • bundle install # you need to run this only once in your project.
      • bundle exec pod install
      • cd ..
    
    • npx react-native run-ios
    - or -
    • Open ../../../../../../var/folders/7s/fkbc25vs3q57wq6k8ttdvxmh0000gn/T/chartkit-rn-cli-native-check/ios/ChartKitRnCliNative.xcodeproj in Xcode or run "xed -b ios"
    • Hit the Run button
    
  Run instructions for macOS:
    • See https://microsoft.github.io/react-native-macos for the latest up-to-date instructions.
    
  
- Downloading template
✔ Downloading template
- Copying template
✔ Copying template
- Processing template
✔ Processing template
✔ Dependencies installation skipped
copy examples/rn-cli-basic/App.tsx -> ../../../../var/folders/7s/fkbc25vs3q57wq6k8ttdvxmh0000gn/T/chartkit-rn-cli-native-check/App.tsx
copy examples/rn-cli-basic/index.js -> ../../../../var/folders/7s/fkbc25vs3q57wq6k8ttdvxmh0000gn/T/chartkit-rn-cli-native-check/index.js
copy examples/rn-cli-basic/babel.config.js -> ../../../../var/folders/7s/fkbc25vs3q57wq6k8ttdvxmh0000gn/T/chartkit-rn-cli-native-check/babel.config.js
copy examples/rn-cli-basic/runtimePrelude.js -> ../../../../var/folders/7s/fkbc25vs3q57wq6k8ttdvxmh0000gn/T/chartkit-rn-cli-native-check/runtimePrelude.js
write ../../../../var/folders/7s/fkbc25vs3q57wq6k8ttdvxmh0000gn/T/chartkit-rn-cli-native-check/package.json
$ cd ../../../../var/folders/7s/fkbc25vs3q57wq6k8ttdvxmh0000gn/T/chartkit-rn-cli-native-check && npm install

added 578 packages, and audited 582 packages in 11s

77 packages are looking for funding
  run `npm fund` for details

found 0 vulnerabilities
npm warn deprecated inflight@1.0.6: This module is not supported, and leaks memory. Do not use it. Check out lru-cache if you want a good and tested way to coalesce async requests by a key value, which is much more comprehensive and powerful.
npm warn deprecated rimraf@3.0.2: Rimraf versions prior to v4 are no longer supported
npm warn deprecated glob@7.2.3: Old versions of glob are not supported, and contain widely publicized security vulnerabilities, which have been fixed in the current version. Please update. Support for old versions may be purchased (at exorbitant rates) by contacting i@izs.me
$ cd ../../../../var/folders/7s/fkbc25vs3q57wq6k8ttdvxmh0000gn/T/chartkit-rn-cli-native-check/android && ./gradlew assembleRelease
> Task :gradle-plugin:settings-plugin:checkKotlinGradlePluginConfigurationErrors SKIPPED
> Task :gradle-plugin:shared:checkKotlinGradlePluginConfigurationErrors SKIPPED
> Task :gradle-plugin:shared:processResources NO-SOURCE
> Task :gradle-plugin:settings-plugin:pluginDescriptors
> Task :gradle-plugin:settings-plugin:processResources
> Task :gradle-plugin:shared:compileKotlin
> Task :gradle-plugin:shared:compileJava NO-SOURCE
> Task :gradle-plugin:shared:classes UP-TO-DATE
> Task :gradle-plugin:shared:jar
> Task :gradle-plugin:settings-plugin:compileKotlin
> Task :gradle-plugin:settings-plugin:compileJava NO-SOURCE
> Task :gradle-plugin:settings-plugin:classes
> Task :gradle-plugin:settings-plugin:jar
> Task :gradle-plugin:react-native-gradle-plugin:checkKotlinGradlePluginConfigurationErrors SKIPPED
> Task :gradle-plugin:react-native-gradle-plugin:pluginDescriptors
> Task :gradle-plugin:react-native-gradle-plugin:processResources
> Task :gradle-plugin:react-native-gradle-plugin:compileKotlin
> Task :gradle-plugin:react-native-gradle-plugin:compileJava NO-SOURCE
> Task :gradle-plugin:react-native-gradle-plugin:classes
> Task :gradle-plugin:react-native-gradle-plugin:jar
> Task :app:generateAutolinkingNewArchitectureFiles
> Task :app:generateAutolinkingPackageList
> Task :app:generateCodegenSchemaFromJavaScript SKIPPED
> Task :app:generateCodegenArtifactsFromSchema SKIPPED
> Task :app:generateReactNativeEntryPoint
> Task :react-native-svg:generateCodegenSchemaFromJavaScript
> Task :react-native-svg:generateCodegenArtifactsFromSchema
> Task :react-native-svg:preBuild
> Task :app:preBuild
> Task :app:preReleaseBuild
> Task :app:configureCMakeRelWithDebInfo[arm64-v8a]
> Task :app:buildCMakeRelWithDebInfo[arm64-v8a]
> Task :app:configureCMakeRelWithDebInfo[armeabi-v7a]
> Task :app:buildCMakeRelWithDebInfo[armeabi-v7a]
> Task :app:configureCMakeRelWithDebInfo[x86]
> Task :app:buildCMakeRelWithDebInfo[x86]
> Task :app:configureCMakeRelWithDebInfo[x86_64]
> Task :app:buildCMakeRelWithDebInfo[x86_64]
> Task :app:mergeReleaseJniLibFolders
> Task :react-native-svg:preReleaseBuild
> Task :react-native-svg:mergeReleaseJniLibFolders
> Task :react-native-svg:mergeReleaseNativeLibs NO-SOURCE
> Task :react-native-svg:copyReleaseJniLibsProjectOnly
> Task :react-native-svg:generateReleaseBuildConfig
> Task :react-native-svg:generateReleaseResValues
> Task :react-native-svg:generateReleaseResources
> Task :react-native-svg:packageReleaseResources
> Task :react-native-svg:javaPreCompileRelease
> Task :app:buildKotlinToolingMetadata
> Task :app:checkKotlinGradlePluginConfigurationErrors SKIPPED
> Task :app:generateReleaseBuildConfig
> Task :react-native-svg:writeReleaseAarMetadata
> Task :react-native-svg:parseReleaseLocalResources
> Task :app:checkReleaseDuplicateClasses
> Task :app:mergeReleaseNativeLibs

> Task :app:createBundleReleaseJsAndAssets

                        ▒▒▓▓▓▓▒▒
                     ▒▓▓▓▒▒░░▒▒▓▓▓▒
                  ▒▓▓▓▓░░░▒▒▒▒░░░▓▓▓▓▒
                 ▓▓▒▒▒▓▓▓▓▓▓▓▓▓▓▓▓▒▒▒▓▓
                 ▓▓░░░░░▒▓▓▓▓▓▓▒░░░░░▓▓
                 ▓▓░░▓▓▒░░░▒▒░░░▒▓▒░░▓▓
                 ▓▓░░▓▓▓▓▓▒▒▒▒▓▓▓▓▒░░▓▓
                 ▓▓░░▓▓▓▓▓▓▓▓▓▓▓▓▓▒░░▓▓
                 ▓▓▒░░▒▒▓▓▓▓▓▓▓▓▒░░░▒▓▓
                  ▒▓▓▓▒░░░▒▓▓▒░░░▒▓▓▓▒
                     ▒▓▓▓▒░░░░▒▓▓▓▒
                        ▒▒▓▓▓▓▒▒


 WARN  the transform cache was reset.
                Welcome to Metro v0.83.7
              Fast - Scalable - Integrated


transform[stderr]: (node:69766) Warning: The 'NO_COLOR' env is ignored due to the 'FORCE_COLOR' env being set.
transform[stderr]: (Use `node --trace-warnings ...` to show where the warning was created)
transform[stderr]: (node:69772) Warning: The 'NO_COLOR' env is ignored due to the 'FORCE_COLOR' env being set.
transform[stderr]: (Use `node --trace-warnings ...` to show where the warning was created)
transform[stderr]: (node:69767) Warning: The 'NO_COLOR' env is ignored due to the 'FORCE_COLOR' env being set.
transform[stderr]: (Use `node --trace-warnings ...` to show where the warning was created)
transform[stderr]: (node:69769) Warning: The 'NO_COLOR' env is ignored due to the 'FORCE_COLOR' env being set.
transform[stderr]: (Use `node --trace-warnings ...` to show where the warning was created)
transform[stderr]: (node:69771) Warning: The 'NO_COLOR' env is ignored due to the 'FORCE_COLOR' env being set.
transform[stderr]: (Use `node --trace-warnings ...` to show where the warning was created)
transform[stderr]: (node:69768) Warning: The 'NO_COLOR' env is ignored due to the 'FORCE_COLOR' env being set.
transform[stderr]: (Use `node --trace-warnings ...` to show where the warning was created)
transform[stderr]: (node:69770) Warning: The 'NO_COLOR' env is ignored due to the 'FORCE_COLOR' env being set.
transform[stderr]: (Use `node --trace-warnings ...` to show where the warning was created)
transform[stderr]: (node:69773) Warning: The 'NO_COLOR' env is ignored due to the 'FORCE_COLOR' env being set.
transform[stderr]: (Use `node --trace-warnings ...` to show where the warning was created)
transform[stderr]: (node:69774) Warning: The 'NO_COLOR' env is ignored due to the 'FORCE_COLOR' env being set.
transform[stderr]: (Use `node --trace-warnings ...` to show where the warning was created)
LOG:Writing bundle output to: /private/var/folders/7s/fkbc25vs3q57wq6k8ttdvxmh0000gn/T/chartkit-rn-cli-native-check/android/app/build/generated/assets/react/release/index.android.bundle
LOG:Writing sourcemap output to: /private/var/folders/7s/fkbc25vs3q57wq6k8ttdvxmh0000gn/T/chartkit-rn-cli-native-check/android/app/build/intermediates/sourcemaps/react/release/index.android.bundle.packager.map
LOG:Done writing bundle output
LOG:Done writing sourcemap output

> Task :app:generateReleaseResValues
> Task :app:mapReleaseSourceSetPaths
> Task :app:generateReleaseResources
> Task :react-native-svg:generateReleaseRFile
> Task :app:checkReleaseAarMetadata
> Task :app:stripReleaseDebugSymbols
> Task :app:extractReleaseNativeSymbolTables
> Task :app:mergeReleaseResources

> Task :react-native-svg:compileReleaseJavaWithJavac

> Task :app:packageReleaseResources
> Task :app:createReleaseCompatibleScreenManifests
> Task :app:parseReleaseLocalResources
> Task :app:extractDeepLinksRelease
> Task :react-native-svg:extractDeepLinksRelease
> Task :react-native-svg:compileReleaseLibraryResources
> Task :react-native-svg:processReleaseManifest
> Task :app:javaPreCompileRelease
> Task :app:desugarReleaseFileDependencies
> Task :react-native-svg:bundleLibCompileToJarRelease
> Task :app:processReleaseMainManifest
> Task :app:processReleaseManifest
> Task :app:mergeReleaseStartupProfile
> Task :react-native-svg:prepareReleaseArtProfile
> Task :app:mergeReleaseShaders
> Task :app:compileReleaseShaders NO-SOURCE
> Task :app:generateReleaseAssets UP-TO-DATE
> Task :react-native-svg:mergeReleaseShaders
> Task :react-native-svg:compileReleaseShaders NO-SOURCE
> Task :react-native-svg:generateReleaseAssets UP-TO-DATE
> Task :react-native-svg:mergeReleaseAssets
> Task :app:mergeReleaseArtProfile
> Task :react-native-svg:bundleLibRuntimeToJarRelease
> Task :app:mergeReleaseAssets
> Task :app:extractReleaseVersionControlInfo
> Task :app:compressReleaseAssets
> Task :app:extractProguardFiles
> Task :react-native-svg:processReleaseJavaRes NO-SOURCE
> Task :react-native-svg:bundleLibRuntimeToDirRelease
> Task :react-native-svg:createFullJarRelease
> Task :react-native-svg:extractProguardFiles
> Task :react-native-svg:generateReleaseLintModel
> Task :app:processReleaseManifestForPackage
> Task :react-native-svg:prepareLintJarForPublish
> Task :react-native-svg:stripReleaseDebugSymbols NO-SOURCE
> Task :react-native-svg:copyReleaseJniLibsProjectAndLocalJars
> Task :react-native-svg:extractDeepLinksForAarRelease
> Task :react-native-svg:extractReleaseAnnotations
> Task :react-native-svg:mergeReleaseGeneratedProguardFiles
> Task :react-native-svg:mergeReleaseConsumerProguardFiles
> Task :react-native-svg:mergeReleaseJavaResource
> Task :react-native-svg:syncReleaseLibJars
> Task :react-native-svg:bundleReleaseLocalLintAar
> Task :react-native-svg:writeReleaseLintModelMetadata
> Task :react-native-svg:generateReleaseLintVitalModel
> Task :app:processReleaseResources
> Task :app:mergeReleaseNativeDebugMetadata
> Task :app:mergeExtDexRelease
> Task :app:collectReleaseDependencies
> Task :app:sdkReleaseDependencyData
> Task :app:validateSigningRelease
> Task :app:writeReleaseAppMetadata
> Task :app:writeReleaseSigningConfigVersions
> Task :react-native-svg:bundleReleaseAar
> Task :react-native-svg:mapReleaseSourceSetPaths
> Task :react-native-svg:lintVitalAnalyzeRelease
> Task :app:compileReleaseKotlin
> Task :react-native-svg:mergeReleaseResources
> Task :app:compileReleaseJavaWithJavac
> Task :app:dexBuilderRelease
> Task :app:mergeReleaseGlobalSynthetics
> Task :app:generateReleaseLintVitalReportModel
> Task :app:processReleaseJavaRes
> Task :app:optimizeReleaseResources
> Task :app:mergeReleaseJavaResource
> Task :app:lintVitalAnalyzeRelease
> Task :app:lintVitalReportRelease
> Task :app:lintVitalRelease
> Task :react-native-svg:verifyReleaseResources
> Task :react-native-svg:assembleRelease
> Task :app:mergeDexRelease
> Task :app:compileReleaseArtProfile
> Task :app:packageRelease
> Task :app:createReleaseApkListingFileRedirect
> Task :app:assembleRelease

[Incubating] Problems report is available at: file:///private/var/folders/7s/fkbc25vs3q57wq6k8ttdvxmh0000gn/T/chartkit-rn-cli-native-check/android/build/reports/problems/problems-report.html

Deprecated Gradle features were used in this build, making it incompatible with Gradle 10.

You can use '--warning-mode all' to show the individual deprecation warnings and determine if they come from your own scripts or plugins.

For more on this, please refer to https://docs.gradle.org/9.0.0/userguide/command_line_interface.html#sec:command_line_warnings in the Gradle documentation.

BUILD SUCCESSFUL in 46s
114 actionable tasks: 114 executed
Consider enabling configuration cache to speed up this build: https://docs.gradle.org/9.0.0/userguide/configuration_cache_enabling.html
=================================================================================================
From React Native 0.73, your project's Metro config should extend '@react-native/metro-config'
or it will fail to build. Please copy the template at:
https://github.com/react-native-community/template/blob/main/template/metro.config.js
This warning will be removed in future (https://github.com/facebook/metro/issues/1018).
=================================================================================================
Note: Some input files use or override a deprecated API.
Note: Recompile with -Xlint:deprecation for details.
Note: Some input files use unchecked or unsafe operations.
Note: Recompile with -Xlint:unchecked for details.
Android release build completed successfully.
