# RN CLI Native Check Log
Date: 2026-05-06T20:02:30.099Z
Repo: /Users/berman/Documents/react-native-chart-kit
$ cd . && npm run build

> react-native-chart-kit@7.0.0-next.0 build
> npm run clean && npm run core:build && npm run svg:build && npm run skia:build && npm run pro:build && npm run rn:build && tsc


> react-native-chart-kit@7.0.0-next.0 clean
> node scripts/clean-dist.mjs


> react-native-chart-kit@7.0.0-next.0 core:build
> tsc -p packages/core/tsconfig.json


> react-native-chart-kit@7.0.0-next.0 svg:build
> tsc -p packages/svg-renderer/tsconfig.json


> react-native-chart-kit@7.0.0-next.0 skia:build
> tsc -p packages/skia-renderer/tsconfig.json


> react-native-chart-kit@7.0.0-next.0 pro:build
> tsc -p packages/pro/tsconfig.json


> react-native-chart-kit@7.0.0-next.0 rn:build
> tsc -p packages/react-native/tsconfig.build.json

$ cd . && /Users/berman/Documents/react-native-chart-kit/node_modules/.bin/rnc-cli init ChartKitRnCliNative --directory /var/folders/7s/fkbc25vs3q57wq6k8ttdvxmh0000gn/T/chartkit-rn-cli-native-check --version 0.83.9 --pm npm --skip-install --install-pods false --skip-git-init --replace-directory true --package-name io.chartkit.rnclibasic --title "Chart Kit RN CLI Basic"
                                                          
               ######                ######               
             ###     ####        ####     ###             
            ##          ###    ###          ##            
            ##             ####             ##            
            ##             ####             ##            
            ##           ##    ##           ##            
            ##         ###      ###         ##            
             ##  ########################  ##             
          ######    ###            ###    ######          
      ###     ##    ##              ##    ##     ###      
   ###         ## ###      ####      ### ##         ###   
  ##           ####      ########      ####           ##  
 ##             ###     ##########     ###             ## 
  ##           ####      ########      ####           ##  
   ###         ## ###      ####      ### ##         ###   
      ###     ##    ##              ##    ##     ###      
          ######    ###            ###    ######          
             ##  ########################  ##             
            ##         ###      ###         ##            
            ##           ##    ##           ##            
            ##             ####             ##            
            ##             ####             ##            
            ##          ###    ###          ##            
             ###     ####        ####     ###             
               ######                ######               
                                                          

              Welcome to React Native 0.83.9!                
                 Learn once, write anywhere               


  
  Run instructions for Android:
    • Have an Android emulator running (quickest way to get started), or a device connected.
    • cd "/var/folders/7s/fkbc25vs3q57wq6k8ttdvxmh0000gn/T/chartkit-rn-cli-native-check" && npx react-native run-android
  
  Run instructions for iOS:
    • cd "/var/folders/7s/fkbc25vs3q57wq6k8ttdvxmh0000gn/T/chartkit-rn-cli-native-check/ios"
    
    • Install Cocoapods
      • bundle install # you need to run this only once in your project.
      • bundle exec pod install
      • cd ..
    
    • npx react-native run-ios
    - or -
    • Open ../../../../../../var/folders/7s/fkbc25vs3q57wq6k8ttdvxmh0000gn/T/chartkit-rn-cli-native-check/ios/ChartKitRnCliNative.xcodeproj in Xcode or run "xed -b ios"
    • Hit the Run button
    
  Run instructions for macOS:
    • See https://microsoft.github.io/react-native-macos for the latest up-to-date instructions.
    
  
- Downloading template
✔ Downloading template
- Copying template
✔ Copying template
- Processing template
✔ Processing template
✔ Dependencies installation skipped
copy examples/rn-cli-basic/App.tsx -> ../../../../var/folders/7s/fkbc25vs3q57wq6k8ttdvxmh0000gn/T/chartkit-rn-cli-native-check/App.tsx
copy examples/rn-cli-basic/index.js -> ../../../../var/folders/7s/fkbc25vs3q57wq6k8ttdvxmh0000gn/T/chartkit-rn-cli-native-check/index.js
copy examples/rn-cli-basic/babel.config.js -> ../../../../var/folders/7s/fkbc25vs3q57wq6k8ttdvxmh0000gn/T/chartkit-rn-cli-native-check/babel.config.js
copy examples/rn-cli-basic/runtimePrelude.js -> ../../../../var/folders/7s/fkbc25vs3q57wq6k8ttdvxmh0000gn/T/chartkit-rn-cli-native-check/runtimePrelude.js
write ../../../../var/folders/7s/fkbc25vs3q57wq6k8ttdvxmh0000gn/T/chartkit-rn-cli-native-check/package.json
$ cd ../../../../var/folders/7s/fkbc25vs3q57wq6k8ttdvxmh0000gn/T/chartkit-rn-cli-native-check && npm install

added 578 packages, and audited 582 packages in 12s

77 packages are looking for funding
  run `npm fund` for details

found 0 vulnerabilities
npm warn deprecated inflight@1.0.6: This module is not supported, and leaks memory. Do not use it. Check out lru-cache if you want a good and tested way to coalesce async requests by a key value, which is much more comprehensive and powerful.
npm warn deprecated rimraf@3.0.2: Rimraf versions prior to v4 are no longer supported
npm warn deprecated glob@7.2.3: Old versions of glob are not supported, and contain widely publicized security vulnerabilities, which have been fixed in the current version. Please update. Support for old versions may be purchased (at exorbitant rates) by contacting i@izs.me
$ cd ../../../../var/folders/7s/fkbc25vs3q57wq6k8ttdvxmh0000gn/T/chartkit-rn-cli-native-check/ios && pod install
Found 1 module for target `ChartKitRnCliNative`
link_native_modules! {ios_packages: [{configurations: [], name: "react-native-svg", root: "/private/var/folders/7s/fkbc25vs3q57wq6k8ttdvxmh0000gn/T/chartkit-rn-cli-native-check/node_modules/react-native-svg", path: "../node_modules/react-native-svg", podspec_path: "/private/var/folders/7s/fkbc25vs3q57wq6k8ttdvxmh0000gn/T/chartkit-rn-cli-native-check/node_modules/react-native-svg/RNSVG.podspec", script_phases: []}], ios_project_root_path: "/private/var/folders/7s/fkbc25vs3q57wq6k8ttdvxmh0000gn/T/chartkit-rn-cli-native-check/ios", react_native_path: "../node_modules/react-native"}
Auto-linking React Native module for target `ChartKitRnCliNative`: RNSVG
Framework build type is static library
[ReactNativeDependencies] Setting up ReactNativeDependencies...
[ReactNativeDependencies] Building from source: true
[ReactNativeDependencies] Source: 
[ReactNativeCore] Setting up ReactNativeCore...
[ReactNativeCore] Building from source: true
Configuring the target with the New Architecture
[36m[1m[Codegen][0m Analyzing /private/var/folders/7s/fkbc25vs3q57wq6k8ttdvxmh0000gn/T/chartkit-rn-cli-native-check/package.json[0m
[36m[1m[Codegen][0m [33mSearching for codegen-enabled libraries in the app.[0m
[36m[1m[Codegen][0m [33mThe "codegenConfig" field is not defined in package.json. Assuming there is nothing to generate at the app level.[0m
[36m[1m[Codegen][0m [33mSearching for codegen-enabled libraries in react-native.config.js[0m
[36m[1m[Codegen][0m Found react-native-svg[0m
[36m[1m[Codegen][0m Processing rnsvg[0m
[36m[1m[Codegen][0m [33mSearching for podspec in the project dependencies.[0m
[36m[1m[Codegen][0m Supported Apple platforms: ios, macos, tvos, visionos for rnsvg[0m
[36m[1m[Codegen][0m Generating Native Code for rnsvg - ios[0m
[36m[1m[Codegen][0m Generated artifacts: /private/var/folders/7s/fkbc25vs3q57wq6k8ttdvxmh0000gn/T/chartkit-rn-cli-native-check/ios/build/generated/ios/ReactCodegen[0m
[36m[1m[Codegen][0m Generating RCTThirdPartyComponentsProvider.h[0m
[36m[1m[Codegen][0m Generated artifact: /private/var/folders/7s/fkbc25vs3q57wq6k8ttdvxmh0000gn/T/chartkit-rn-cli-native-check/ios/build/generated/ios/ReactCodegen/RCTThirdPartyComponentsProvider.h[0m
[36m[1m[Codegen][0m Generating RCTThirdPartyComponentsProvider.mm[0m
[36m[1m[Codegen][0m Generated artifact: /private/var/folders/7s/fkbc25vs3q57wq6k8ttdvxmh0000gn/T/chartkit-rn-cli-native-check/ios/build/generated/ios/ReactCodegen/RCTThirdPartyComponentsProvider.mm[0m
[36m[1m[Codegen][0m Generating RCTModulesProvider.h[0m
[36m[1m[Codegen][0m Generated artifact: /private/var/folders/7s/fkbc25vs3q57wq6k8ttdvxmh0000gn/T/chartkit-rn-cli-native-check/ios/build/generated/ios/ReactCodegen/RCTModuleProviders.h[0m
[36m[1m[Codegen][0m Generating RCTModuleProviders.mm[0m
[36m[1m[Codegen][0m Generated artifact: /private/var/folders/7s/fkbc25vs3q57wq6k8ttdvxmh0000gn/T/chartkit-rn-cli-native-check/ios/build/generated/ios/ReactCodegen/RCTModuleProviders.mm[0m
[36m[1m[Codegen][0m Generating RCTAppDependencyProvider[0m
[36m[1m[Codegen][0m Generated artifact: /private/var/folders/7s/fkbc25vs3q57wq6k8ttdvxmh0000gn/T/chartkit-rn-cli-native-check/ios/build/generated/ios/ReactAppDependencyProvider/RCTAppDependencyProvider.h[0m
[36m[1m[Codegen][0m Generated artifact: /private/var/folders/7s/fkbc25vs3q57wq6k8ttdvxmh0000gn/T/chartkit-rn-cli-native-check/ios/build/generated/ios/ReactAppDependencyProvider/RCTAppDependencyProvider.mm[0m
[36m[1m[Codegen][0m Generated podspec: /private/var/folders/7s/fkbc25vs3q57wq6k8ttdvxmh0000gn/T/chartkit-rn-cli-native-check/ios/build/generated/ios/ReactAppDependencyProvider/ReactAppDependencyProvider.podspec[0m
[36m[1m[Codegen][0m Generated podspec: /private/var/folders/7s/fkbc25vs3q57wq6k8ttdvxmh0000gn/T/chartkit-rn-cli-native-check/ios/build/generated/ios/ReactCodegen/ReactCodegen.podspec[0m
[36m[1m[Codegen][0m Generating Package.swift[0m
[36m[1m[Codegen][0m Generated artifact: /private/var/folders/7s/fkbc25vs3q57wq6k8ttdvxmh0000gn/T/chartkit-rn-cli-native-check/ios/build/generated/ios/Package.swift[0m
[36m[1m[Codegen][0m [33mDone.[0m
Analyzing dependencies
Fetching podspec for `DoubleConversion` from `../node_modules/react-native/third-party-podspecs/DoubleConversion.podspec`
Fetching podspec for `RCT-Folly` from `../node_modules/react-native/third-party-podspecs/RCT-Folly.podspec`
Fetching podspec for `boost` from `../node_modules/react-native/third-party-podspecs/boost.podspec`
Fetching podspec for `fast_float` from `../node_modules/react-native/third-party-podspecs/fast_float.podspec`
Fetching podspec for `fmt` from `../node_modules/react-native/third-party-podspecs/fmt.podspec`
Fetching podspec for `glog` from `../node_modules/react-native/third-party-podspecs/glog.podspec`
Fetching podspec for `hermes-engine` from `../node_modules/react-native/sdks/hermes-engine/hermes-engine.podspec`
[Hermes] Using release tarball from URL: https://repo1.maven.org/maven2/com/facebook/hermes/hermes-ios/0.14.1/hermes-ios-0.14.1-hermes-ios-debug.tar.gz
Downloading dependencies
Installing DoubleConversion (1.1.6)
Installing FBLazyVector (0.83.9)
Installing RCT-Folly (2024.11.18.00)
Installing RCTDeprecation (0.83.9)
Installing RCTRequired (0.83.9)
Installing RCTSwiftUI (0.83.9)
Installing RCTSwiftUIWrapper (0.83.9)
Installing RCTTypeSafety (0.83.9)
Installing RNSVG (15.15.4)
Installing React (0.83.9)
Installing React-Core (0.83.9)
Installing React-CoreModules (0.83.9)
Installing React-Fabric (0.83.9)
Installing React-FabricComponents (0.83.9)
Installing React-FabricImage (0.83.9)
Installing React-ImageManager (0.83.9)
Installing React-Mapbuffer (0.83.9)
Installing React-NativeModulesApple (0.83.9)
Installing React-RCTActionSheet (0.83.9)
Installing React-RCTAnimation (0.83.9)
Installing React-RCTAppDelegate (0.83.9)
Installing React-RCTBlob (0.83.9)
Installing React-RCTFBReactNativeSpec (0.83.9)
Installing React-RCTFabric (0.83.9)
Installing React-RCTImage (0.83.9)
Installing React-RCTLinking (0.83.9)
Installing React-RCTNetwork (0.83.9)
Installing React-RCTRuntime (0.83.9)
Installing React-RCTSettings (0.83.9)
Installing React-RCTText (0.83.9)
Installing React-RCTVibration (0.83.9)
Installing React-RuntimeApple (0.83.9)
Installing React-RuntimeCore (0.83.9)
Installing React-RuntimeHermes (0.83.9)
Installing React-callinvoker (0.83.9)
Installing React-cxxreact (0.83.9)
Installing React-debug (0.83.9)
Installing React-defaultsnativemodule (0.83.9)
Installing React-domnativemodule (0.83.9)
Installing React-featureflags (0.83.9)
Installing React-featureflagsnativemodule (0.83.9)
Installing React-graphics (0.83.9)
Installing React-hermes (0.83.9)
Installing React-idlecallbacksnativemodule (0.83.9)
Installing React-intersectionobservernativemodule (0.83.9)
Installing React-jserrorhandler (0.83.9)
Installing React-jsi (0.83.9)
Installing React-jsiexecutor (0.83.9)
Installing React-jsinspector (0.83.9)
Installing React-jsinspectorcdp (0.83.9)
Installing React-jsinspectornetwork (0.83.9)
Installing React-jsinspectortracing (0.83.9)
Installing React-jsitooling (0.83.9)
Installing React-jsitracing (0.83.9)
Installing React-logger (0.83.9)
Installing React-microtasksnativemodule (0.83.9)
Installing React-mutationobservernativemodule (0.83.9)
Installing React-networking (0.83.9)
Installing React-oscompat (0.83.9)
Installing React-perflogger (0.83.9)
Installing React-performancecdpmetrics (0.83.9)
Installing React-performancetimeline (0.83.9)
Installing React-rendererconsistency (0.83.9)
Installing React-renderercss (0.83.9)
Installing React-rendererdebug (0.83.9)
Installing React-runtimeexecutor (0.83.9)
Installing React-runtimescheduler (0.83.9)
Installing React-timing (0.83.9)
Installing React-utils (0.83.9)
Installing React-webperformancenativemodule (0.83.9)
Installing ReactAppDependencyProvider (0.83.9)
Installing ReactCodegen (0.83.9)
Installing ReactCommon (0.83.9)
Installing SocketRocket (0.7.1)
Installing Yoga (0.0.0)
Installing boost (1.84.0)
Installing fast_float (8.0.0)
Installing fmt (12.1.0)
Installing glog (0.3.5)
Installing hermes-engine (0.14.1)
Generating Pods project
Setting USE_HERMES build settings
Setting REACT_NATIVE_PATH build settings
Setting SWIFT_ACTIVE_COMPILATION_CONDITIONS build settings
[Ccache]: Removing Ccache from CC, LD, CXX & LDPLUSPLUS build settings
[SPM] Cleaning old SPM dependencies from Pods project
[SPM] Adding SPM dependencies to Pods project
[Privacy Manifest Aggregation] Appending aggregated reasons to existing PrivacyInfo.xcprivacy file.
[Privacy Manifest Aggregation] Reading .xcprivacy files to aggregate all used Required Reason APIs.
Setting CLANG_CXX_LANGUAGE_STANDARD to c++20 on /private/var/folders/7s/fkbc25vs3q57wq6k8ttdvxmh0000gn/T/chartkit-rn-cli-native-check/ios/ChartKitRnCliNative.xcodeproj

==================== DEPRECATION NOTICE =====================
Calling `pod install` directly is deprecated in React Native
because we are moving away from Cocoapods toward alternative
solutions to build the project.
* If you are using Expo, please run:
`npx expo run:ios`
* If you are using the Community CLI, please run:
`yarn ios`
=============================================================

Pod install took 13 [s] to run
Integrating client project

[!] Please close any current Xcode sessions and use `ChartKitRnCliNative.xcworkspace` for this project from now on.
Pod installation complete! There are 81 dependencies from the Podfile and 80 total pods installed.
  % Total    % Received % Xferd  Average Speed   Time    Time     Time  Current
                                 Dload  Upload   Total   Spent    Left  Speed
  0     0    0     0    0     0      0      0 --:--:-- --:--:-- --:--:--     0100 29.0M  100 29.0M    0     0  79.0M      0 --:--:-- --:--:-- --:--:-- 79.1M
  % Total    % Received % Xferd  Average Speed   Time    Time     Time  Current
                                 Dload  Upload   Total   Spent    Left  Speed
  0     0    0     0    0     0      0      0 --:--:-- --:--:-- --:--:--     0  8 20.7M    8 1874k    0     0  15.4M      0  0:00:01 --:--:--  0:00:01 15.3M100 20.7M  100 20.7M    0     0  60.3M      0 --:--:-- --:--:-- --:--:-- 60.3M

[!] hermes-engine has added 1 script phase. Please inspect before executing a build. See `https://guides.cocoapods.org/syntax/podspec.html#script_phases` for more information.
$ cd ../../../../var/folders/7s/fkbc25vs3q57wq6k8ttdvxmh0000gn/T/chartkit-rn-cli-native-check/ios && xcodebuild -workspace ChartKitRnCliNative.xcworkspace -scheme ChartKitRnCliNative -configuration Release -destination generic/platform=iOS CODE_SIGNING_ALLOWED=NO -quiet build
[xcodebuild output summarized: 5607 lines, 3 kept]
warning: The value for NSLocationWhenInUseUsageDescription must be a non-empty string. (in target 'ChartKitRnCliNative' from project 'ChartKitRnCliNative')
warning: Run script build phase '[CP-User] [Hermes] Replace Hermes for the right configuration, if needed' will be run during every build because it does not specify any outputs. To address this issue, either add output dependencies to the script phase, or configure it to run in every build by unchecking "Based on dependency analysis" in the script phase. (in target 'hermes-engine' from project 'Pods')
warning: Run script build phase 'Bundle React Native code and images' will be run during every build because it does not specify any outputs. To address this issue, either add output dependencies to the script phase, or configure it to run in every build by unchecking "Based on dependency analysis" in the script phase. (in target 'ChartKitRnCliNative' from project 'ChartKitRnCliNative')
iOS release build completed successfully.
